#
# There is insufficient memory for the Java Runtime Environment to continue.
# Native memory allocation (malloc) failed to allocate 32744 bytes. Error detail: Chunk::new
# Possible reasons:
#   The system is out of physical RAM or swap space
#   This process is running with CompressedOops enabled, and the Java Heap may be blocking the growth of the native heap
# Possible solutions:
#   Reduce memory load on the system
#   Increase physical memory or swap space
#   Check if swap backing store is full
#   Decrease Java heap size (-Xmx/-Xms)
#   Decrease number of Java threads
#   Decrease Java thread stack sizes (-Xss)
#   Set larger code cache with -XX:ReservedCodeCacheSize=
#   JVM is running with Unscaled Compressed Oops mode in which the Java heap is
#     placed in the first 4GB address space. The Java Heap base address is the
#     maximum limit for the native heap growth. Please use -XX:HeapBaseMinAddress
#     to set the Java Heap base and to place the Java Heap above 4GB virtual address.
# This output file may be truncated or incomplete.
#
#  Out of Memory Error (arena.cpp:168), pid=22664, tid=20872
#
# JRE version: OpenJDK Runtime Environment Temurin-21.0.6+7 (21.0.6+7) (build 21.0.6+7-LTS)
# Java VM: OpenJDK 64-Bit Server VM Temurin-21.0.6+7 (21.0.6+7-LTS, mixed mode, sharing, tiered, compressed oops, compressed class ptrs, parallel gc, windows-amd64)
# No core dump will be written. Minidumps are not enabled by default on client versions of Windows
#

---------------  S U M M A R Y ------------

Command Line: --add-modules=ALL-SYSTEM --add-opens=java.base/java.util=ALL-UNNAMED --add-opens=java.base/java.lang=ALL-UNNAMED --add-opens=java.base/sun.nio.fs=ALL-UNNAMED -Declipse.application=org.eclipse.jdt.ls.core.id1 -Dosgi.bundles.defaultStartLevel=4 -Declipse.product=org.eclipse.jdt.ls.core.product -Djava.import.generatesMetadataFilesAtProjectRoot=false -DDetectVMInstallationsJob.disabled=true -Dfile.encoding=utf8 -XX:+UseParallelGC -XX:GCTimeRatio=4 -XX:AdaptiveSizePolicyWeight=90 -Dsun.zip.disableMemoryMapping=true -Xmx1G -Xms100m -Xlog:disable -javaagent:c:\Users\nshre\.vscode\extensions\redhat.java-1.40.0-win32-x64\lombok\lombok-1.18.36.jar -XX:+HeapDumpOnOutOfMemoryError -XX:HeapDumpPath=c:\Users\nshre\AppData\Roaming\Code\User\workspaceStorage\1a411e8547e58d1d53f432f6331f68f2\redhat.java -Daether.dependencyCollector.impl=bf c:\Users\nshre\.vscode\extensions\redhat.java-1.40.0-win32-x64\server\plugins\org.eclipse.equinox.launcher_1.6.1000.v20250131-0606.jar -configuration c:\Users\nshre\AppData\Roaming\Code\User\globalStorage\redhat.java\1.40.0\config_win -data c:\Users\nshre\AppData\Roaming\Code\User\workspaceStorage\1a411e8547e58d1d53f432f6331f68f2\redhat.java\jdt_ws --pipe=\\.\pipe\lsp-8ea4cf79e144a229eaea74f7188959eb-sock

Host: 11th Gen Intel(R) Core(TM) i5-11400H @ 2.70GHz, 12 cores, 7G,  Windows 11 , 64 bit Build 22621 (10.0.22621.4830)
Time: Thu Mar  6 22:57:03 2025 India Standard Time elapsed time: 7.895123 seconds (0d 0h 0m 7s)

---------------  T H R E A D  ---------------

Current thread (0x0000018f12461760):  JavaThread "C2 CompilerThread2" daemon [_thread_in_native, id=20872, stack(0x0000003d0ec00000,0x0000003d0ed00000) (1024K)]


Current CompileTask:
C2:7895 8270   !   4       org.eclipse.jdt.internal.core.search.indexing.BinaryIndexer::indexDocument (1204 bytes)

Stack: [0x0000003d0ec00000,0x0000003d0ed00000]
Native frames: (J=compiled Java code, j=interpreted, Vv=VM code, C=native code)
V  [jvm.dll+0x6cdee9]
V  [jvm.dll+0x8a83d1]
V  [jvm.dll+0x8aa8fe]
V  [jvm.dll+0x8aafe3]
V  [jvm.dll+0x27f706]
V  [jvm.dll+0xc500d]
V  [jvm.dll+0xc5543]
V  [jvm.dll+0x865c27]
V  [jvm.dll+0x85fd6e]
V  [jvm.dll+0x86d8da]
V  [jvm.dll+0x86c93f]
V  [jvm.dll+0x1db189]
V  [jvm.dll+0x6f761a]
V  [jvm.dll+0x6f5a83]
V  [jvm.dll+0x6143bd]
V  [jvm.dll+0x2499c5]
V  [jvm.dll+0x246ec4]
V  [jvm.dll+0x1c75ee]
V  [jvm.dll+0x25685a]
V  [jvm.dll+0x254dfa]
V  [jvm.dll+0x3f0256]
V  [jvm.dll+0x851f8b]
V  [jvm.dll+0x6cc5ed]
C  [ucrtbase.dll+0x29333]
C  [KERNEL32.DLL+0x1259d]
C  [ntdll.dll+0x5af38]


---------------  P R O C E S S  ---------------

Threads class SMR info:
_java_thread_list=0x0000018f13d47440, length=66, elements={
0x0000018eb58c0c70, 0x0000018ec9cae650, 0x0000018eb5965180, 0x0000018eb596ae30,
0x0000018eb596b970, 0x0000018eb596e7b0, 0x0000018eb5972700, 0x0000018eb5974860,
0x0000018eb5975950, 0x0000018eb592de30, 0x0000018f0d0e83a0, 0x0000018f0d35c0e0,
0x0000018f121dc660, 0x0000018f121c9320, 0x0000018f12203f90, 0x0000018f12665950,
0x0000018f126ad2b0, 0x0000018f124d1e80, 0x0000018f124d4c70, 0x0000018f124d5300,
0x0000018f124d3230, 0x0000018f124d38c0, 0x0000018f124602f0, 0x0000018f12461760,
0x0000018f124d2510, 0x0000018f124d3f50, 0x0000018f124d45e0, 0x0000018f13fd2870,
0x0000018f13fd4940, 0x0000018f13fd3590, 0x0000018f13fd42b0, 0x0000018f13fd14c0,
0x0000018f13fd4fd0, 0x0000018f13fd1b50, 0x0000018f13fd6380, 0x0000018f13fd21e0,
0x0000018f13fd0110, 0x0000018f13fd0e30, 0x0000018f13fd3c20, 0x0000018f13fd5660,
0x0000018f13fd5cf0, 0x0000018f13fd6a10, 0x0000018f13fd70a0, 0x0000018f13fd7730,
0x0000018f13d78710, 0x0000018f13d7e2f0, 0x0000018f13d7c8b0, 0x0000018f13d7d5d0,
0x0000018f13d7a150, 0x0000018f13d78da0, 0x0000018f13d7e980, 0x0000018f13d779f0,
0x0000018f13d7a7e0, 0x0000018f13d7b500, 0x0000018f13d7bb90, 0x0000018f13d7dc60,
0x0000018f13d7c220, 0x0000018f13d7f010, 0x0000018f16ed70c0, 0x0000018f16ed7de0,
0x0000018f16ed8b00, 0x0000018f16ede6e0, 0x0000018f16edcca0, 0x0000018f16edd9c0,
0x0000018f16ed9eb0, 0x0000018f16edd330
}

Java Threads: ( => current thread )
  0x0000018eb58c0c70 JavaThread "main"                              [_thread_blocked, id=6256, stack(0x0000003d0dd00000,0x0000003d0de00000) (1024K)]
  0x0000018ec9cae650 JavaThread "Reference Handler"          daemon [_thread_blocked, id=9816, stack(0x0000003d0e100000,0x0000003d0e200000) (1024K)]
  0x0000018eb5965180 JavaThread "Finalizer"                  daemon [_thread_blocked, id=2068, stack(0x0000003d0e200000,0x0000003d0e300000) (1024K)]
  0x0000018eb596ae30 JavaThread "Signal Dispatcher"          daemon [_thread_blocked, id=1580, stack(0x0000003d0e300000,0x0000003d0e400000) (1024K)]
  0x0000018eb596b970 JavaThread "Attach Listener"            daemon [_thread_blocked, id=6248, stack(0x0000003d0e400000,0x0000003d0e500000) (1024K)]
  0x0000018eb596e7b0 JavaThread "Service Thread"             daemon [_thread_blocked, id=13192, stack(0x0000003d0e500000,0x0000003d0e600000) (1024K)]
  0x0000018eb5972700 JavaThread "Monitor Deflation Thread"   daemon [_thread_blocked, id=8384, stack(0x0000003d0e600000,0x0000003d0e700000) (1024K)]
  0x0000018eb5974860 JavaThread "C2 CompilerThread0"         daemon [_thread_in_native, id=17760, stack(0x0000003d0e700000,0x0000003d0e800000) (1024K)]
  0x0000018eb5975950 JavaThread "C1 CompilerThread0"         daemon [_thread_blocked, id=17844, stack(0x0000003d0e800000,0x0000003d0e900000) (1024K)]
  0x0000018eb592de30 JavaThread "Common-Cleaner"             daemon [_thread_blocked, id=25404, stack(0x0000003d0e900000,0x0000003d0ea00000) (1024K)]
  0x0000018f0d0e83a0 JavaThread "Notification Thread"        daemon [_thread_blocked, id=5408, stack(0x0000003d0eb00000,0x0000003d0ec00000) (1024K)]
  0x0000018f0d35c0e0 JavaThread "Active Thread: Equinox Container: d8a651e9-b5aa-4b54-b712-42e2ce6b0355"        [_thread_blocked, id=9804, stack(0x0000003d0f300000,0x0000003d0f400000) (1024K)]
  0x0000018f121dc660 JavaThread "Refresh Thread: Equinox Container: d8a651e9-b5aa-4b54-b712-42e2ce6b0355" daemon [_thread_blocked, id=11288, stack(0x0000003d0f400000,0x0000003d0f500000) (1024K)]
  0x0000018f121c9320 JavaThread "Framework Event Dispatcher: Equinox Container: d8a651e9-b5aa-4b54-b712-42e2ce6b0355" daemon [_thread_blocked, id=476, stack(0x0000003d0f500000,0x0000003d0f600000) (1024K)]
  0x0000018f12203f90 JavaThread "Start Level: Equinox Container: d8a651e9-b5aa-4b54-b712-42e2ce6b0355" daemon [_thread_blocked, id=2428, stack(0x0000003d0f700000,0x0000003d0f800000) (1024K)]
  0x0000018f12665950 JavaThread "Bundle File Closer"         daemon [_thread_blocked, id=13096, stack(0x0000003d0f800000,0x0000003d0f900000) (1024K)]
  0x0000018f126ad2b0 JavaThread "SCR Component Actor"        daemon [_thread_blocked, id=2696, stack(0x0000003d0fb00000,0x0000003d0fc00000) (1024K)]
  0x0000018f124d1e80 JavaThread "SCR Component Registry"     daemon [_thread_blocked, id=25360, stack(0x0000003d0fc00000,0x0000003d0fd00000) (1024K)]
  0x0000018f124d4c70 JavaThread "Worker-JM"                         [_thread_blocked, id=5492, stack(0x0000003d0fd00000,0x0000003d0fe00000) (1024K)]
  0x0000018f124d5300 JavaThread "JNA Cleaner"                daemon [_thread_blocked, id=10164, stack(0x0000003d0fe00000,0x0000003d0ff00000) (1024K)]
  0x0000018f124d3230 JavaThread "Worker-0"                          [_thread_blocked, id=19716, stack(0x0000003d0ff00000,0x0000003d10000000) (1024K)]
  0x0000018f124d38c0 JavaThread "Worker-1"                          [_thread_blocked, id=21784, stack(0x0000003d10000000,0x0000003d10100000) (1024K)]
  0x0000018f124602f0 JavaThread "C2 CompilerThread1"         daemon [_thread_in_native, id=10840, stack(0x0000003d0ea00000,0x0000003d0eb00000) (1024K)]
=>0x0000018f12461760 JavaThread "C2 CompilerThread2"         daemon [_thread_in_native, id=20872, stack(0x0000003d0ec00000,0x0000003d0ed00000) (1024K)]
  0x0000018f124d2510 JavaThread "Java indexing"              daemon [_thread_in_Java, id=22088, stack(0x0000003d10100000,0x0000003d10200000) (1024K)]
  0x0000018f124d3f50 JavaThread "Worker-2: Java indexing... "        [_thread_blocked, id=11800, stack(0x0000003d10200000,0x0000003d10300000) (1024K)]
  0x0000018f124d45e0 JavaThread "Worker-3: Building"                [_thread_in_native, id=22532, stack(0x0000003d10300000,0x0000003d10400000) (1024K)]
  0x0000018f13fd2870 JavaThread "Thread-2"                   daemon [_thread_in_native, id=10100, stack(0x0000003d10400000,0x0000003d10500000) (1024K)]
  0x0000018f13fd4940 JavaThread "Thread-3"                   daemon [_thread_in_native, id=23264, stack(0x0000003d10500000,0x0000003d10600000) (1024K)]
  0x0000018f13fd3590 JavaThread "Thread-4"                   daemon [_thread_in_native, id=21048, stack(0x0000003d10600000,0x0000003d10700000) (1024K)]
  0x0000018f13fd42b0 JavaThread "Thread-5"                   daemon [_thread_in_native, id=19944, stack(0x0000003d10700000,0x0000003d10800000) (1024K)]
  0x0000018f13fd14c0 JavaThread "Thread-6"                   daemon [_thread_in_native, id=15800, stack(0x0000003d10800000,0x0000003d10900000) (1024K)]
  0x0000018f13fd4fd0 JavaThread "Thread-7"                   daemon [_thread_in_native, id=16356, stack(0x0000003d10900000,0x0000003d10a00000) (1024K)]
  0x0000018f13fd1b50 JavaThread "Thread-8"                   daemon [_thread_in_native, id=11616, stack(0x0000003d10a00000,0x0000003d10b00000) (1024K)]
  0x0000018f13fd6380 JavaThread "Thread-9"                   daemon [_thread_in_native, id=16200, stack(0x0000003d10b00000,0x0000003d10c00000) (1024K)]
  0x0000018f13fd21e0 JavaThread "Thread-10"                  daemon [_thread_in_native, id=15260, stack(0x0000003d10c00000,0x0000003d10d00000) (1024K)]
  0x0000018f13fd0110 JavaThread "Thread-11"                  daemon [_thread_in_native, id=2640, stack(0x0000003d10d00000,0x0000003d10e00000) (1024K)]
  0x0000018f13fd0e30 JavaThread "Thread-12"                  daemon [_thread_in_native, id=16144, stack(0x0000003d10e00000,0x0000003d10f00000) (1024K)]
  0x0000018f13fd3c20 JavaThread "Thread-13"                  daemon [_thread_in_native, id=11636, stack(0x0000003d10f00000,0x0000003d11000000) (1024K)]
  0x0000018f13fd5660 JavaThread "Thread-14"                  daemon [_thread_in_native, id=20324, stack(0x0000003d11000000,0x0000003d11100000) (1024K)]
  0x0000018f13fd5cf0 JavaThread "pool-2-thread-1"                   [_thread_blocked, id=25208, stack(0x0000003d11100000,0x0000003d11200000) (1024K)]
  0x0000018f13fd6a10 JavaThread "Worker-4"                          [_thread_blocked, id=21556, stack(0x0000003d11200000,0x0000003d11300000) (1024K)]
  0x0000018f13fd70a0 JavaThread "WorkspaceEventsHandler"            [_thread_blocked, id=8740, stack(0x0000003d11300000,0x0000003d11400000) (1024K)]
  0x0000018f13fd7730 JavaThread "pool-1-thread-1"                   [_thread_blocked, id=19508, stack(0x0000003d11400000,0x0000003d11500000) (1024K)]
  0x0000018f13d78710 JavaThread "LocalFile Deleter"          daemon [_thread_blocked, id=14284, stack(0x0000003d11500000,0x0000003d11600000) (1024K)]
  0x0000018f13d7e2f0 JavaThread "LocalFile Deleter"          daemon [_thread_blocked, id=14420, stack(0x0000003d11600000,0x0000003d11700000) (1024K)]
  0x0000018f13d7c8b0 JavaThread "LocalFile Deleter"          daemon [_thread_blocked, id=9312, stack(0x0000003d11700000,0x0000003d11800000) (1024K)]
  0x0000018f13d7d5d0 JavaThread "LocalFile Deleter"          daemon [_thread_blocked, id=21420, stack(0x0000003d11800000,0x0000003d11900000) (1024K)]
  0x0000018f13d7a150 JavaThread "LocalFile Deleter"          daemon [_thread_blocked, id=15120, stack(0x0000003d11900000,0x0000003d11a00000) (1024K)]
  0x0000018f13d78da0 JavaThread "LocalFile Deleter"          daemon [_thread_blocked, id=9108, stack(0x0000003d11a00000,0x0000003d11b00000) (1024K)]
  0x0000018f13d7e980 JavaThread "LocalFile Deleter"          daemon [_thread_blocked, id=19024, stack(0x0000003d11b00000,0x0000003d11c00000) (1024K)]
  0x0000018f13d779f0 JavaThread "LocalFile Deleter"          daemon [_thread_blocked, id=20520, stack(0x0000003d11c00000,0x0000003d11d00000) (1024K)]
  0x0000018f13d7a7e0 JavaThread "LocalFile Deleter"          daemon [_thread_blocked, id=20788, stack(0x0000003d11d00000,0x0000003d11e00000) (1024K)]
  0x0000018f13d7b500 JavaThread "LocalFile Deleter"          daemon [_thread_blocked, id=12728, stack(0x0000003d11e00000,0x0000003d11f00000) (1024K)]
  0x0000018f13d7bb90 JavaThread "LocalFile Deleter"          daemon [_thread_blocked, id=23952, stack(0x0000003d11f00000,0x0000003d12000000) (1024K)]
  0x0000018f13d7dc60 JavaThread "LocalFile Deleter"          daemon [_thread_blocked, id=11912, stack(0x0000003d12000000,0x0000003d12100000) (1024K)]
  0x0000018f13d7c220 JavaThread "Compiler Source File Reader" daemon [_thread_blocked, id=6488, stack(0x0000003d12100000,0x0000003d12200000) (1024K)]
  0x0000018f13d7f010 JavaThread "Compiler Source File Reader" daemon [_thread_blocked, id=13128, stack(0x0000003d12200000,0x0000003d12300000) (1024K)]
  0x0000018f16ed70c0 JavaThread "Compiler Source File Reader" daemon [_thread_blocked, id=14152, stack(0x0000003d12300000,0x0000003d12400000) (1024K)]
  0x0000018f16ed7de0 JavaThread "Compiler Source File Reader" daemon [_thread_blocked, id=7260, stack(0x0000003d12400000,0x0000003d12500000) (1024K)]
  0x0000018f16ed8b00 JavaThread "Compiler Source File Reader" daemon [_thread_blocked, id=7892, stack(0x0000003d12500000,0x0000003d12600000) (1024K)]
  0x0000018f16ede6e0 JavaThread "Compiler Source File Reader" daemon [_thread_blocked, id=12520, stack(0x0000003d12600000,0x0000003d12700000) (1024K)]
  0x0000018f16edcca0 JavaThread "Compiler Source File Reader" daemon [_thread_blocked, id=12528, stack(0x0000003d12700000,0x0000003d12800000) (1024K)]
  0x0000018f16edd9c0 JavaThread "Compiler Source File Reader" daemon [_thread_blocked, id=9916, stack(0x0000003d12800000,0x0000003d12900000) (1024K)]
  0x0000018f16ed9eb0 JavaThread "Compiler Source File Reader" daemon [_thread_blocked, id=19964, stack(0x0000003d12900000,0x0000003d12a00000) (1024K)]
  0x0000018f16edd330 JavaThread "Compiler Source File Reader" daemon [_thread_blocked, id=8040, stack(0x0000003d12a00000,0x0000003d12b00000) (1024K)]
Total: 66

Other Threads:
  0x0000018ec9c965a0 VMThread "VM Thread"                           [id=1604, stack(0x0000003d0e000000,0x0000003d0e100000) (1024K)]
  0x0000018ec9b8c950 WatcherThread "VM Periodic Task Thread"        [id=20016, stack(0x0000003d0df00000,0x0000003d0e000000) (1024K)]
  0x0000018eb58debd0 WorkerThread "GC Thread#0"                     [id=11076, stack(0x0000003d0de00000,0x0000003d0df00000) (1024K)]
  0x0000018f0d652a30 WorkerThread "GC Thread#1"                     [id=22584, stack(0x0000003d0ed00000,0x0000003d0ee00000) (1024K)]
  0x0000018f0d8bd1b0 WorkerThread "GC Thread#2"                     [id=9176, stack(0x0000003d0ee00000,0x0000003d0ef00000) (1024K)]
  0x0000018f0d8bd550 WorkerThread "GC Thread#3"                     [id=17040, stack(0x0000003d0ef00000,0x0000003d0f000000) (1024K)]
  0x0000018f0d8bd8f0 WorkerThread "GC Thread#4"                     [id=23996, stack(0x0000003d0f000000,0x0000003d0f100000) (1024K)]
  0x0000018f0d54a500 WorkerThread "GC Thread#5"                     [id=18060, stack(0x0000003d0f100000,0x0000003d0f200000) (1024K)]
  0x0000018f0d54a8a0 WorkerThread "GC Thread#6"                     [id=17832, stack(0x0000003d0f200000,0x0000003d0f300000) (1024K)]
  0x0000018f12236270 WorkerThread "GC Thread#7"                     [id=10500, stack(0x0000003d0f600000,0x0000003d0f700000) (1024K)]
  0x0000018f121e7610 WorkerThread "GC Thread#8"                     [id=11824, stack(0x0000003d0f900000,0x0000003d0fa00000) (1024K)]
  0x0000018f125f6030 WorkerThread "GC Thread#9"                     [id=17064, stack(0x0000003d0fa00000,0x0000003d0fb00000) (1024K)]
Total: 12

Threads with active compile tasks:
C2 CompilerThread0  7927 8311       4       jdk.internal.module.SystemModuleFinders$SystemModuleReader::find (59 bytes)
C2 CompilerThread1  7927 7810       4       org.eclipse.jdt.internal.compiler.util.JrtFileSystem$2::visitFile (10 bytes)
C2 CompilerThread2  7927 8270   !   4       org.eclipse.jdt.internal.core.search.indexing.BinaryIndexer::indexDocument (1204 bytes)
Total: 3

VM state: not at safepoint (normal execution)

VM Mutex/Monitor currently owned by a thread: None

Heap address: 0x00000000c0000000, size: 1024 MB, Compressed Oops mode: 32-bit

CDS archive(s) mapped at: [0x0000018eca000000-0x0000018ecaba0000-0x0000018ecaba0000), size 12189696, SharedBaseAddress: 0x0000018eca000000, ArchiveRelocationMode: 1.
Compressed class space mapped at: 0x0000018ecb000000-0x0000018f0b000000, reserved size: 1073741824
Narrow klass base: 0x0000018eca000000, Narrow klass shift: 0, Narrow klass range: 0x100000000

GC Precious Log:
 CardTable entry size: 512
 CPUs: 12 total, 12 available
 Memory: 7893M
 Large Page Support: Disabled
 NUMA Support: Disabled
 Compressed Oops: Enabled (32-bit)
 Alignments: Space 512K, Generation 512K, Heap 2M
 Heap Min Capacity: 100M
 Heap Initial Capacity: 100M
 Heap Max Capacity: 1G
 Pre-touch: Disabled
 Parallel Workers: 10

Heap:
 PSYoungGen      total 8704K, used 8177K [0x00000000eab00000, 0x00000000eb680000, 0x0000000100000000)
  eden space 7168K, 92% used [0x00000000eab00000,0x00000000eb17f418,0x00000000eb200000)
  from space 1536K, 99% used [0x00000000eb500000,0x00000000eb67d3a8,0x00000000eb680000)
  to   space 2048K, 0% used [0x00000000eb300000,0x00000000eb300000,0x00000000eb500000)
 ParOldGen       total 122880K, used 122844K [0x00000000c0000000, 0x00000000c7800000, 0x00000000eab00000)
  object space 122880K, 99% used [0x00000000c0000000,0x00000000c77f7000,0x00000000c7800000)
 Metaspace       used 51334K, committed 52608K, reserved 1114112K
  class space    used 5411K, committed 5952K, reserved 1048576K

Card table byte_map: [0x0000018eb5270000,0x0000018eb5480000] _byte_map_base: 0x0000018eb4c70000

Marking Bits: (ParMarkBitMap*) 0x00007fff9a443260
 Begin Bits: [0x0000018ec7ab0000, 0x0000018ec8ab0000)
 End Bits:   [0x0000018ec8ab0000, 0x0000018ec9ab0000)

Polling page: 0x0000018eb38b0000

Metaspace:

Usage:
  Non-class:     44.85 MB used.
      Class:      5.28 MB used.
       Both:     50.13 MB used.

Virtual space:
  Non-class space:       64.00 MB reserved,      45.56 MB ( 71%) committed,  1 nodes.
      Class space:        1.00 GB reserved,       5.81 MB ( <1%) committed,  1 nodes.
             Both:        1.06 GB reserved,      51.38 MB (  5%) committed. 

Chunk freelists:
   Non-Class:  2.34 MB
       Class:  10.23 MB
        Both:  12.58 MB

MaxMetaspaceSize: unlimited
CompressedClassSpaceSize: 1.00 GB
Initial GC threshold: 21.00 MB
Current GC threshold: 58.38 MB
CDS: on
 - commit_granule_bytes: 65536.
 - commit_granule_words: 8192.
 - virtual_space_node_default_size: 8388608.
 - enlarge_chunks_in_place: 1.
 - use_allocation_guard: 0.


Internal statistics:

num_allocs_failed_limit: 6.
num_arena_births: 852.
num_arena_deaths: 14.
num_vsnodes_births: 2.
num_vsnodes_deaths: 0.
num_space_committed: 822.
num_space_uncommitted: 0.
num_chunks_returned_to_freelist: 20.
num_chunks_taken_from_freelist: 3064.
num_chunk_merges: 12.
num_chunk_splits: 1960.
num_chunks_enlarged: 1225.
num_inconsistent_stats: 0.

CodeHeap 'non-profiled nmethods': size=120000Kb used=4803Kb max_used=4803Kb free=115196Kb
 bounds [0x0000018ec0580000, 0x0000018ec0a40000, 0x0000018ec7ab0000]
CodeHeap 'profiled nmethods': size=120000Kb used=15933Kb max_used=15933Kb free=104066Kb
 bounds [0x0000018eb8ab0000, 0x0000018eb9a40000, 0x0000018ebffe0000]
CodeHeap 'non-nmethods': size=5760Kb used=1466Kb max_used=1481Kb free=4294Kb
 bounds [0x0000018ebffe0000, 0x0000018ec0250000, 0x0000018ec0580000]
 total_blobs=8400 nmethods=7694 adapters=610
 compilation: enabled
              stopped_count=0, restarted_count=0
 full_count=0

Compilation events (20 events):
Event: 7.838 Thread 0x0000018eb5975950 8315       3       sun.net.www.MessageHeader::<init> (14 bytes)
Event: 7.838 Thread 0x0000018eb5975950 nmethod 8315 0x0000018eb9a30a10 code [0x0000018eb9a30bc0, 0x0000018eb9a30d58]
Event: 7.840 Thread 0x0000018eb5975950 8316       3       sun.net.www.protocol.jar.URLJarFile::getEntry (69 bytes)
Event: 7.841 Thread 0x0000018eb5975950 nmethod 8316 0x0000018eb9a30e10 code [0x0000018eb9a31160, 0x0000018eb9a323b0]
Event: 7.868 Thread 0x0000018eb5975950 8318 %     3       org.eclipse.jdt.internal.core.search.indexing.BinaryIndexer::extractReferenceFromConstantPool @ 324 (358 bytes)
Event: 7.870 Thread 0x0000018eb5975950 nmethod 8318% 0x0000018eb9a32990 code [0x0000018eb9a32d80, 0x0000018eb9a34ae8]
Event: 7.871 Thread 0x0000018eb5975950 8320       3       org.eclipse.jdt.internal.core.search.indexing.BinaryIndexer::extractReferenceFromConstantPool (358 bytes)
Event: 7.875 Thread 0x0000018eb5975950 nmethod 8320 0x0000018eb9a35710 code [0x0000018eb9a35ae0, 0x0000018eb9a37500]
Event: 7.875 Thread 0x0000018eb5975950 8321       3       sun.net.www.protocol.jar.URLJarFile::isFileURL (50 bytes)
Event: 7.876 Thread 0x0000018eb5975950 nmethod 8321 0x0000018eb9a37f90 code [0x0000018eb9a38180, 0x0000018eb9a38560]
Event: 7.882 Thread 0x0000018eb5975950 8323       3       org.eclipse.jdt.internal.core.search.indexing.BinaryIndexer::extractArgCount (316 bytes)
Event: 7.883 Thread 0x0000018eb5975950 nmethod 8323 0x0000018eb9a38710 code [0x0000018eb9a38980, 0x0000018eb9a39430]
Event: 7.885 Thread 0x0000018eb5975950 8324   !   2       org.eclipse.osgi.internal.loader.BundleLoader::findDynamicSource (187 bytes)
Event: 7.887 Thread 0x0000018eb5975950 nmethod 8324 0x0000018eb9a39810 code [0x0000018eb9a39b60, 0x0000018eb9a3a638]
Event: 7.890 Thread 0x0000018eb5975950 8325       2       org.eclipse.osgi.storage.bundlefile.BundleFile::fixTrailingSlash (152 bytes)
Event: 7.891 Thread 0x0000018eb5975950 nmethod 8325 0x0000018eb9a3ae90 code [0x0000018eb9a3b100, 0x0000018eb9a3b978]
Event: 7.891 Thread 0x0000018eb5975950 8326       3       java.nio.channels.Channels::newChannel (33 bytes)
Event: 7.892 Thread 0x0000018eb5975950 nmethod 8326 0x0000018eb9a3bf90 code [0x0000018eb9a3c1c0, 0x0000018eb9a3c9d0]
Event: 7.892 Thread 0x0000018eb5975950 8327       2       org.eclipse.osgi.storage.url.bundleresource.Handler::<init> (7 bytes)
Event: 7.892 Thread 0x0000018eb5975950 nmethod 8327 0x0000018eb9a3cc90 code [0x0000018eb9a3ce20, 0x0000018eb9a3cf50]

GC Heap History (20 events):
Event: 7.535 GC heap before
{Heap before GC invocations=53 (full 2):
 PSYoungGen      total 11264K, used 10856K [0x00000000eab00000, 0x00000000eb880000, 0x0000000100000000)
  eden space 8704K, 100% used [0x00000000eab00000,0x00000000eb380000,0x00000000eb380000)
  from space 2560K, 84% used [0x00000000eb600000,0x00000000eb81a2a8,0x00000000eb880000)
  to   space 2560K, 0% used [0x00000000eb380000,0x00000000eb380000,0x00000000eb600000)
 ParOldGen       total 106496K, used 106102K [0x00000000c0000000, 0x00000000c6800000, 0x00000000eab00000)
  object space 106496K, 99% used [0x00000000c0000000,0x00000000c679d970,0x00000000c6800000)
 Metaspace       used 50597K, committed 51840K, reserved 1114112K
  class space    used 5303K, committed 5824K, reserved 1048576K
}
Event: 7.538 GC heap after
{Heap after GC invocations=53 (full 2):
 PSYoungGen      total 11264K, used 2027K [0x00000000eab00000, 0x00000000eb880000, 0x0000000100000000)
  eden space 8704K, 0% used [0x00000000eab00000,0x00000000eab00000,0x00000000eb380000)
  from space 2560K, 79% used [0x00000000eb380000,0x00000000eb57ac20,0x00000000eb600000)
  to   space 2560K, 0% used [0x00000000eb600000,0x00000000eb600000,0x00000000eb880000)
 ParOldGen       total 108544K, used 108101K [0x00000000c0000000, 0x00000000c6a00000, 0x00000000eab00000)
  object space 108544K, 99% used [0x00000000c0000000,0x00000000c69917e8,0x00000000c6a00000)
 Metaspace       used 50597K, committed 51840K, reserved 1114112K
  class space    used 5303K, committed 5824K, reserved 1048576K
}
Event: 7.583 GC heap before
{Heap before GC invocations=54 (full 2):
 PSYoungGen      total 11264K, used 10731K [0x00000000eab00000, 0x00000000eb880000, 0x0000000100000000)
  eden space 8704K, 100% used [0x00000000eab00000,0x00000000eb380000,0x00000000eb380000)
  from space 2560K, 79% used [0x00000000eb380000,0x00000000eb57ac20,0x00000000eb600000)
  to   space 2560K, 0% used [0x00000000eb600000,0x00000000eb600000,0x00000000eb880000)
 ParOldGen       total 108544K, used 108101K [0x00000000c0000000, 0x00000000c6a00000, 0x00000000eab00000)
  object space 108544K, 99% used [0x00000000c0000000,0x00000000c69917e8,0x00000000c6a00000)
 Metaspace       used 50842K, committed 52096K, reserved 1114112K
  class space    used 5338K, committed 5824K, reserved 1048576K
}
Event: 7.585 GC heap after
{Heap after GC invocations=54 (full 2):
 PSYoungGen      total 10752K, used 1796K [0x00000000eab00000, 0x00000000eb800000, 0x0000000100000000)
  eden space 8704K, 0% used [0x00000000eab00000,0x00000000eab00000,0x00000000eb380000)
  from space 2048K, 87% used [0x00000000eb600000,0x00000000eb7c1158,0x00000000eb800000)
  to   space 2048K, 0% used [0x00000000eb400000,0x00000000eb400000,0x00000000eb600000)
 ParOldGen       total 110080K, used 109906K [0x00000000c0000000, 0x00000000c6b80000, 0x00000000eab00000)
  object space 110080K, 99% used [0x00000000c0000000,0x00000000c6b548b8,0x00000000c6b80000)
 Metaspace       used 50842K, committed 52096K, reserved 1114112K
  class space    used 5338K, committed 5824K, reserved 1048576K
}
Event: 7.624 GC heap before
{Heap before GC invocations=55 (full 2):
 PSYoungGen      total 10752K, used 10500K [0x00000000eab00000, 0x00000000eb800000, 0x0000000100000000)
  eden space 8704K, 100% used [0x00000000eab00000,0x00000000eb380000,0x00000000eb380000)
  from space 2048K, 87% used [0x00000000eb600000,0x00000000eb7c1158,0x00000000eb800000)
  to   space 2048K, 0% used [0x00000000eb400000,0x00000000eb400000,0x00000000eb600000)
 ParOldGen       total 110080K, used 109906K [0x00000000c0000000, 0x00000000c6b80000, 0x00000000eab00000)
  object space 110080K, 99% used [0x00000000c0000000,0x00000000c6b548b8,0x00000000c6b80000)
 Metaspace       used 50900K, committed 52160K, reserved 1114112K
  class space    used 5343K, committed 5888K, reserved 1048576K
}
Event: 7.627 GC heap after
{Heap after GC invocations=55 (full 2):
 PSYoungGen      total 10752K, used 1997K [0x00000000eab00000, 0x00000000eb780000, 0x0000000100000000)
  eden space 8704K, 0% used [0x00000000eab00000,0x00000000eab00000,0x00000000eb380000)
  from space 2048K, 97% used [0x00000000eb400000,0x00000000eb5f3768,0x00000000eb600000)
  to   space 1536K, 0% used [0x00000000eb600000,0x00000000eb600000,0x00000000eb780000)
 ParOldGen       total 111616K, used 111537K [0x00000000c0000000, 0x00000000c6d00000, 0x00000000eab00000)
  object space 111616K, 99% used [0x00000000c0000000,0x00000000c6cec610,0x00000000c6d00000)
 Metaspace       used 50900K, committed 52160K, reserved 1114112K
  class space    used 5343K, committed 5888K, reserved 1048576K
}
Event: 7.653 GC heap before
{Heap before GC invocations=56 (full 2):
 PSYoungGen      total 10752K, used 10701K [0x00000000eab00000, 0x00000000eb780000, 0x0000000100000000)
  eden space 8704K, 100% used [0x00000000eab00000,0x00000000eb380000,0x00000000eb380000)
  from space 2048K, 97% used [0x00000000eb400000,0x00000000eb5f3768,0x00000000eb600000)
  to   space 1536K, 0% used [0x00000000eb600000,0x00000000eb600000,0x00000000eb780000)
 ParOldGen       total 111616K, used 111537K [0x00000000c0000000, 0x00000000c6d00000, 0x00000000eab00000)
  object space 111616K, 99% used [0x00000000c0000000,0x00000000c6cec610,0x00000000c6d00000)
 Metaspace       used 50944K, committed 52224K, reserved 1114112K
  class space    used 5352K, committed 5888K, reserved 1048576K
}
Event: 7.655 GC heap after
{Heap after GC invocations=56 (full 2):
 PSYoungGen      total 8704K, used 1511K [0x00000000eab00000, 0x00000000ebb80000, 0x0000000100000000)
  eden space 7168K, 0% used [0x00000000eab00000,0x00000000eab00000,0x00000000eb200000)
  from space 1536K, 98% used [0x00000000eb600000,0x00000000eb779c40,0x00000000eb780000)
  to   space 4096K, 0% used [0x00000000eb200000,0x00000000eb200000,0x00000000eb600000)
 ParOldGen       total 113664K, used 113486K [0x00000000c0000000, 0x00000000c6f00000, 0x00000000eab00000)
  object space 113664K, 99% used [0x00000000c0000000,0x00000000c6ed3b40,0x00000000c6f00000)
 Metaspace       used 50944K, committed 52224K, reserved 1114112K
  class space    used 5352K, committed 5888K, reserved 1048576K
}
Event: 7.681 GC heap before
{Heap before GC invocations=57 (full 2):
 PSYoungGen      total 8704K, used 8679K [0x00000000eab00000, 0x00000000ebb80000, 0x0000000100000000)
  eden space 7168K, 100% used [0x00000000eab00000,0x00000000eb200000,0x00000000eb200000)
  from space 1536K, 98% used [0x00000000eb600000,0x00000000eb779c40,0x00000000eb780000)
  to   space 4096K, 0% used [0x00000000eb200000,0x00000000eb200000,0x00000000eb600000)
 ParOldGen       total 113664K, used 113486K [0x00000000c0000000, 0x00000000c6f00000, 0x00000000eab00000)
  object space 113664K, 99% used [0x00000000c0000000,0x00000000c6ed3b40,0x00000000c6f00000)
 Metaspace       used 50971K, committed 52224K, reserved 1114112K
  class space    used 5362K, committed 5888K, reserved 1048576K
}
Event: 7.683 GC heap after
{Heap after GC invocations=57 (full 2):
 PSYoungGen      total 9216K, used 1558K [0x00000000eab00000, 0x00000000eb700000, 0x0000000100000000)
  eden space 7168K, 0% used [0x00000000eab00000,0x00000000eab00000,0x00000000eb200000)
  from space 2048K, 76% used [0x00000000eb200000,0x00000000eb385ba8,0x00000000eb400000)
  to   space 2560K, 0% used [0x00000000eb480000,0x00000000eb480000,0x00000000eb700000)
 ParOldGen       total 115200K, used 114989K [0x00000000c0000000, 0x00000000c7080000, 0x00000000eab00000)
  object space 115200K, 99% used [0x00000000c0000000,0x00000000c704b4f0,0x00000000c7080000)
 Metaspace       used 50971K, committed 52224K, reserved 1114112K
  class space    used 5362K, committed 5888K, reserved 1048576K
}
Event: 7.708 GC heap before
{Heap before GC invocations=58 (full 2):
 PSYoungGen      total 9216K, used 8726K [0x00000000eab00000, 0x00000000eb700000, 0x0000000100000000)
  eden space 7168K, 100% used [0x00000000eab00000,0x00000000eb200000,0x00000000eb200000)
  from space 2048K, 76% used [0x00000000eb200000,0x00000000eb385ba8,0x00000000eb400000)
  to   space 2560K, 0% used [0x00000000eb480000,0x00000000eb480000,0x00000000eb700000)
 ParOldGen       total 115200K, used 114989K [0x00000000c0000000, 0x00000000c7080000, 0x00000000eab00000)
  object space 115200K, 99% used [0x00000000c0000000,0x00000000c704b4f0,0x00000000c7080000)
 Metaspace       used 50995K, committed 52224K, reserved 1114112K
  class space    used 5373K, committed 5888K, reserved 1048576K
}
Event: 7.711 GC heap after
{Heap after GC invocations=58 (full 2):
 PSYoungGen      total 8704K, used 1459K [0x00000000eab00000, 0x00000000eb600000, 0x0000000100000000)
  eden space 7168K, 0% used [0x00000000eab00000,0x00000000eab00000,0x00000000eb200000)
  from space 1536K, 95% used [0x00000000eb480000,0x00000000eb5ecd38,0x00000000eb600000)
  to   space 2048K, 0% used [0x00000000eb200000,0x00000000eb200000,0x00000000eb400000)
 ParOldGen       total 116736K, used 116342K [0x00000000c0000000, 0x00000000c7200000, 0x00000000eab00000)
  object space 116736K, 99% used [0x00000000c0000000,0x00000000c719d888,0x00000000c7200000)
 Metaspace       used 50995K, committed 52224K, reserved 1114112K
  class space    used 5373K, committed 5888K, reserved 1048576K
}
Event: 7.767 GC heap before
{Heap before GC invocations=59 (full 2):
 PSYoungGen      total 8704K, used 8627K [0x00000000eab00000, 0x00000000eb600000, 0x0000000100000000)
  eden space 7168K, 100% used [0x00000000eab00000,0x00000000eb200000,0x00000000eb200000)
  from space 1536K, 95% used [0x00000000eb480000,0x00000000eb5ecd38,0x00000000eb600000)
  to   space 2048K, 0% used [0x00000000eb200000,0x00000000eb200000,0x00000000eb400000)
 ParOldGen       total 116736K, used 116342K [0x00000000c0000000, 0x00000000c7200000, 0x00000000eab00000)
  object space 116736K, 99% used [0x00000000c0000000,0x00000000c719d888,0x00000000c7200000)
 Metaspace       used 51058K, committed 52288K, reserved 1114112K
  class space    used 5389K, committed 5888K, reserved 1048576K
}
Event: 7.772 GC heap after
{Heap after GC invocations=59 (full 2):
 PSYoungGen      total 9216K, used 2016K [0x00000000eab00000, 0x00000000eba00000, 0x0000000100000000)
  eden space 7168K, 0% used [0x00000000eab00000,0x00000000eab00000,0x00000000eb200000)
  from space 2048K, 98% used [0x00000000eb200000,0x00000000eb3f8008,0x00000000eb400000)
  to   space 4096K, 0% used [0x00000000eb600000,0x00000000eb600000,0x00000000eba00000)
 ParOldGen       total 118272K, used 117866K [0x00000000c0000000, 0x00000000c7380000, 0x00000000eab00000)
  object space 118272K, 99% used [0x00000000c0000000,0x00000000c731aa10,0x00000000c7380000)
 Metaspace       used 51058K, committed 52288K, reserved 1114112K
  class space    used 5389K, committed 5888K, reserved 1048576K
}
Event: 7.800 GC heap before
{Heap before GC invocations=60 (full 2):
 PSYoungGen      total 9216K, used 9184K [0x00000000eab00000, 0x00000000eba00000, 0x0000000100000000)
  eden space 7168K, 100% used [0x00000000eab00000,0x00000000eb200000,0x00000000eb200000)
  from space 2048K, 98% used [0x00000000eb200000,0x00000000eb3f8008,0x00000000eb400000)
  to   space 4096K, 0% used [0x00000000eb600000,0x00000000eb600000,0x00000000eba00000)
 ParOldGen       total 118272K, used 117866K [0x00000000c0000000, 0x00000000c7380000, 0x00000000eab00000)
  object space 118272K, 99% used [0x00000000c0000000,0x00000000c731aa10,0x00000000c7380000)
 Metaspace       used 51106K, committed 52352K, reserved 1114112K
  class space    used 5394K, committed 5888K, reserved 1048576K
}
Event: 7.803 GC heap after
{Heap after GC invocations=60 (full 2):
 PSYoungGen      total 9216K, used 1634K [0x00000000eab00000, 0x00000000eb800000, 0x0000000100000000)
  eden space 7168K, 0% used [0x00000000eab00000,0x00000000eab00000,0x00000000eb200000)
  from space 2048K, 79% used [0x00000000eb600000,0x00000000eb798a90,0x00000000eb800000)
  to   space 2560K, 0% used [0x00000000eb300000,0x00000000eb300000,0x00000000eb580000)
 ParOldGen       total 120320K, used 119866K [0x00000000c0000000, 0x00000000c7580000, 0x00000000eab00000)
  object space 120320K, 99% used [0x00000000c0000000,0x00000000c750e8f8,0x00000000c7580000)
 Metaspace       used 51106K, committed 52352K, reserved 1114112K
  class space    used 5394K, committed 5888K, reserved 1048576K
}
Event: 7.832 GC heap before
{Heap before GC invocations=61 (full 2):
 PSYoungGen      total 9216K, used 8802K [0x00000000eab00000, 0x00000000eb800000, 0x0000000100000000)
  eden space 7168K, 100% used [0x00000000eab00000,0x00000000eb200000,0x00000000eb200000)
  from space 2048K, 79% used [0x00000000eb600000,0x00000000eb798a90,0x00000000eb800000)
  to   space 2560K, 0% used [0x00000000eb300000,0x00000000eb300000,0x00000000eb580000)
 ParOldGen       total 120320K, used 119866K [0x00000000c0000000, 0x00000000c7580000, 0x00000000eab00000)
  object space 120320K, 99% used [0x00000000c0000000,0x00000000c750e8f8,0x00000000c7580000)
 Metaspace       used 51138K, committed 52352K, reserved 1114112K
  class space    used 5399K, committed 5888K, reserved 1048576K
}
Event: 7.834 GC heap after
{Heap after GC invocations=61 (full 2):
 PSYoungGen      total 9216K, used 1687K [0x00000000eab00000, 0x00000000eb680000, 0x0000000100000000)
  eden space 7168K, 0% used [0x00000000eab00000,0x00000000eab00000,0x00000000eb200000)
  from space 2048K, 82% used [0x00000000eb300000,0x00000000eb4a5f80,0x00000000eb500000)
  to   space 1536K, 0% used [0x00000000eb500000,0x00000000eb500000,0x00000000eb680000)
 ParOldGen       total 121344K, used 121323K [0x00000000c0000000, 0x00000000c7680000, 0x00000000eab00000)
  object space 121344K, 99% used [0x00000000c0000000,0x00000000c767ac20,0x00000000c7680000)
 Metaspace       used 51138K, committed 52352K, reserved 1114112K
  class space    used 5399K, committed 5888K, reserved 1048576K
}
Event: 7.872 GC heap before
{Heap before GC invocations=62 (full 2):
 PSYoungGen      total 9216K, used 8855K [0x00000000eab00000, 0x00000000eb680000, 0x0000000100000000)
  eden space 7168K, 100% used [0x00000000eab00000,0x00000000eb200000,0x00000000eb200000)
  from space 2048K, 82% used [0x00000000eb300000,0x00000000eb4a5f80,0x00000000eb500000)
  to   space 1536K, 0% used [0x00000000eb500000,0x00000000eb500000,0x00000000eb680000)
 ParOldGen       total 121344K, used 121323K [0x00000000c0000000, 0x00000000c7680000, 0x00000000eab00000)
  object space 121344K, 99% used [0x00000000c0000000,0x00000000c767ac20,0x00000000c7680000)
 Metaspace       used 51193K, committed 52416K, reserved 1114112K
  class space    used 5403K, committed 5888K, reserved 1048576K
}
Event: 7.875 GC heap after
{Heap after GC invocations=62 (full 2):
 PSYoungGen      total 8704K, used 1524K [0x00000000eab00000, 0x00000000eb680000, 0x0000000100000000)
  eden space 7168K, 0% used [0x00000000eab00000,0x00000000eab00000,0x00000000eb200000)
  from space 1536K, 99% used [0x00000000eb500000,0x00000000eb67d3a8,0x00000000eb680000)
  to   space 2048K, 0% used [0x00000000eb300000,0x00000000eb300000,0x00000000eb500000)
 ParOldGen       total 122880K, used 122844K [0x00000000c0000000, 0x00000000c7800000, 0x00000000eab00000)
  object space 122880K, 99% used [0x00000000c0000000,0x00000000c77f7000,0x00000000c7800000)
 Metaspace       used 51193K, committed 52416K, reserved 1114112K
  class space    used 5403K, committed 5888K, reserved 1048576K
}

Dll operation events (10 events):
Event: 0.008 Loaded shared library c:\Users\nshre\.vscode\extensions\redhat.java-1.40.0-win32-x64\jre\21.0.6-win32-x86_64\bin\java.dll
Event: 0.100 Loaded shared library c:\Users\nshre\.vscode\extensions\redhat.java-1.40.0-win32-x64\jre\21.0.6-win32-x86_64\bin\zip.dll
Event: 0.123 Loaded shared library C:\Users\nshre\.vscode\extensions\redhat.java-1.40.0-win32-x64\jre\21.0.6-win32-x86_64\bin\instrument.dll
Event: 0.129 Loaded shared library C:\Users\nshre\.vscode\extensions\redhat.java-1.40.0-win32-x64\jre\21.0.6-win32-x86_64\bin\net.dll
Event: 0.134 Loaded shared library C:\Users\nshre\.vscode\extensions\redhat.java-1.40.0-win32-x64\jre\21.0.6-win32-x86_64\bin\nio.dll
Event: 0.141 Loaded shared library C:\Users\nshre\.vscode\extensions\redhat.java-1.40.0-win32-x64\jre\21.0.6-win32-x86_64\bin\zip.dll
Event: 0.165 Loaded shared library C:\Users\nshre\.vscode\extensions\redhat.java-1.40.0-win32-x64\jre\21.0.6-win32-x86_64\bin\jimage.dll
Event: 0.276 Loaded shared library c:\Users\nshre\.vscode\extensions\redhat.java-1.40.0-win32-x64\jre\21.0.6-win32-x86_64\bin\verify.dll
Event: 1.220 Loaded shared library C:\Users\nshre\AppData\Roaming\Code\User\globalStorage\redhat.java\1.40.0\config_win\org.eclipse.equinox.launcher\org.eclipse.equinox.launcher.win32.win32.x86_64_1.2.1200.v20250212-0927\eclipse_11909.dll
Event: 2.355 Loaded shared library C:\Users\nshre\AppData\Local\Temp\jna-105116854\jna5222316614116710798.dll

Deoptimization events (20 events):
Event: 7.650 Thread 0x0000018f124d2510 DEOPT PACKING pc=0x0000018eb974da74 sp=0x0000003d101fe580
Event: 7.650 Thread 0x0000018f124d2510 DEOPT UNPACKING pc=0x0000018ec00378e2 sp=0x0000003d101fd9f8 mode 0
Event: 7.732 Thread 0x0000018f124d45e0 DEOPT PACKING pc=0x0000018eb932640d sp=0x0000003d103f9310
Event: 7.732 Thread 0x0000018f124d45e0 DEOPT UNPACKING pc=0x0000018ec00378e2 sp=0x0000003d103f87c0 mode 0
Event: 7.755 Thread 0x0000018f124d45e0 DEOPT PACKING pc=0x0000018eb932640d sp=0x0000003d103fbd40
Event: 7.755 Thread 0x0000018f124d45e0 DEOPT UNPACKING pc=0x0000018ec00378e2 sp=0x0000003d103fb1f0 mode 0
Event: 7.780 Thread 0x0000018f124d45e0 DEOPT PACKING pc=0x0000018eb932640d sp=0x0000003d103fba60
Event: 7.780 Thread 0x0000018f124d45e0 DEOPT UNPACKING pc=0x0000018ec00378e2 sp=0x0000003d103faf10 mode 0
Event: 7.784 Thread 0x0000018f124d45e0 DEOPT PACKING pc=0x0000018eb90892b9 sp=0x0000003d103fbb90
Event: 7.785 Thread 0x0000018f124d45e0 DEOPT UNPACKING pc=0x0000018ec00378e2 sp=0x0000003d103fb090 mode 0
Event: 7.796 Thread 0x0000018f124d45e0 DEOPT PACKING pc=0x0000018eb932640d sp=0x0000003d103fba60
Event: 7.796 Thread 0x0000018f124d45e0 DEOPT UNPACKING pc=0x0000018ec00378e2 sp=0x0000003d103faf10 mode 0
Event: 7.866 Thread 0x0000018f124d2510 Uncommon trap: trap_request=0xffffff45 fr.pc=0x0000018ec09bc4ac relative=0x000000000000300c
Event: 7.866 Thread 0x0000018f124d2510 Uncommon trap: reason=unstable_if action=reinterpret pc=0x0000018ec09bc4ac method=org.eclipse.jdt.internal.core.search.indexing.BinaryIndexer.extractArgCount([C[CZ)I @ 247 c2
Event: 7.866 Thread 0x0000018f124d2510 DEOPT PACKING pc=0x0000018ec09bc4ac sp=0x0000003d101fe6a0
Event: 7.866 Thread 0x0000018f124d2510 DEOPT UNPACKING pc=0x0000018ec0036da2 sp=0x0000003d101fe5b0 mode 2
Event: 7.880 Thread 0x0000018f124d2510 DEOPT PACKING pc=0x0000018eb9a370d3 sp=0x0000003d101fe600
Event: 7.880 Thread 0x0000018f124d2510 DEOPT UNPACKING pc=0x0000018ec00378e2 sp=0x0000003d101fdb68 mode 0
Event: 7.882 Thread 0x0000018f124d2510 DEOPT PACKING pc=0x0000018eb998961e sp=0x0000003d101fe560
Event: 7.882 Thread 0x0000018f124d2510 DEOPT UNPACKING pc=0x0000018ec00378e2 sp=0x0000003d101fd980 mode 0

Classes loaded (20 events):
Event: 5.832 Loading class java/nio/channels/NonWritableChannelException
Event: 5.832 Loading class java/nio/channels/NonWritableChannelException done
Event: 5.956 Loading class java/util/AbstractList$ListItr
Event: 5.956 Loading class java/util/AbstractList$ListItr done
Event: 6.402 Loading class java/util/WeakHashMap$KeyIterator
Event: 6.402 Loading class java/util/WeakHashMap$KeyIterator done
Event: 6.597 Loading class java/util/concurrent/CompletableFuture$AltResult
Event: 6.597 Loading class java/util/concurrent/CompletableFuture$AltResult done
Event: 6.598 Loading class java/util/concurrent/CompletableFuture$Completion
Event: 6.598 Loading class java/util/concurrent/CompletableFuture$AsynchronousCompletionTask
Event: 6.598 Loading class java/util/concurrent/CompletableFuture$AsynchronousCompletionTask done
Event: 6.598 Loading class java/util/concurrent/CompletableFuture$Completion done
Event: 6.603 Loading class sun/nio/ch/WindowsAsynchronousFileChannelImpl$WriteTask
Event: 6.603 Loading class sun/nio/ch/WindowsAsynchronousFileChannelImpl$WriteTask done
Event: 6.617 Loading class jdk/internal/math/FormattedFPDecimal
Event: 6.617 Loading class jdk/internal/math/FormattedFPDecimal done
Event: 7.088 Loading class java/util/concurrent/ForkJoinTask$AdaptedCallable
Event: 7.088 Loading class java/util/concurrent/ForkJoinTask$AdaptedCallable done
Event: 7.819 Loading class java/util/Vector$1
Event: 7.819 Loading class java/util/Vector$1 done

Classes unloaded (7 events):
Event: 3.061 Thread 0x0000018ec9c965a0 Unloading class 0x0000018ecb193c00 'java/lang/invoke/LambdaForm$MH+0x0000018ecb193c00'
Event: 3.061 Thread 0x0000018ec9c965a0 Unloading class 0x0000018ecb193800 'java/lang/invoke/LambdaForm$MH+0x0000018ecb193800'
Event: 3.061 Thread 0x0000018ec9c965a0 Unloading class 0x0000018ecb193400 'java/lang/invoke/LambdaForm$MH+0x0000018ecb193400'
Event: 3.061 Thread 0x0000018ec9c965a0 Unloading class 0x0000018ecb193000 'java/lang/invoke/LambdaForm$MH+0x0000018ecb193000'
Event: 3.061 Thread 0x0000018ec9c965a0 Unloading class 0x0000018ecb192c00 'java/lang/invoke/LambdaForm$BMH+0x0000018ecb192c00'
Event: 3.061 Thread 0x0000018ec9c965a0 Unloading class 0x0000018ecb192800 'java/lang/invoke/LambdaForm$DMH+0x0000018ecb192800'
Event: 3.061 Thread 0x0000018ec9c965a0 Unloading class 0x0000018ecb191400 'java/lang/invoke/LambdaForm$DMH+0x0000018ecb191400'

Classes redefined (0 events):
No events

Internal exceptions (20 events):
Event: 6.805 Thread 0x0000018f124d45e0 Exception <a 'java/io/FileNotFoundException'{0x00000000eb641248}> (0x00000000eb641248) 
thrown [s\src\hotspot\share\prims\jni.cpp, line 520]
Event: 6.806 Thread 0x0000018f124d45e0 Exception <a 'java/io/FileNotFoundException'{0x00000000eb642510}> (0x00000000eb642510) 
thrown [s\src\hotspot\share\prims\jni.cpp, line 520]
Event: 6.806 Thread 0x0000018f124d45e0 Exception <a 'java/io/FileNotFoundException'{0x00000000eb643528}> (0x00000000eb643528) 
thrown [s\src\hotspot\share\prims\jni.cpp, line 520]
Event: 7.038 Thread 0x0000018f124d45e0 Exception <a 'sun/nio/fs/WindowsException'{0x00000000eab020f8}> (0x00000000eab020f8) 
thrown [s\src\hotspot\share\prims\jni.cpp, line 520]
Event: 7.038 Thread 0x0000018f124d45e0 Exception <a 'sun/nio/fs/WindowsException'{0x00000000eab028f8}> (0x00000000eab028f8) 
thrown [s\src\hotspot\share\prims\jni.cpp, line 520]
Event: 7.086 Thread 0x0000018f124d45e0 Exception <a 'sun/nio/fs/WindowsException'{0x00000000ead962e8}> (0x00000000ead962e8) 
thrown [s\src\hotspot\share\prims\jni.cpp, line 520]
Event: 7.090 Thread 0x0000018f13d78710 Exception <a 'sun/nio/fs/WindowsException'{0x00000000eaec0cd0}> (0x00000000eaec0cd0) 
thrown [s\src\hotspot\share\prims\jni.cpp, line 520]
Event: 7.090 Thread 0x0000018f13d7e2f0 Exception <a 'sun/nio/fs/WindowsException'{0x00000000eaecb1c8}> (0x00000000eaecb1c8) 
thrown [s\src\hotspot\share\prims\jni.cpp, line 520]
Event: 7.090 Thread 0x0000018f13d7c8b0 Exception <a 'sun/nio/fs/WindowsException'{0x00000000eaf06d08}> (0x00000000eaf06d08) 
thrown [s\src\hotspot\share\prims\jni.cpp, line 520]
Event: 7.090 Thread 0x0000018f13d7d5d0 Exception <a 'sun/nio/fs/WindowsException'{0x00000000eaf10f68}> (0x00000000eaf10f68) 
thrown [s\src\hotspot\share\prims\jni.cpp, line 520]
Event: 7.090 Thread 0x0000018f13d7a150 Exception <a 'sun/nio/fs/WindowsException'{0x00000000eaf446b8}> (0x00000000eaf446b8) 
thrown [s\src\hotspot\share\prims\jni.cpp, line 520]
Event: 7.090 Thread 0x0000018f13d78da0 Exception <a 'sun/nio/fs/WindowsException'{0x00000000eaf4eb88}> (0x00000000eaf4eb88) 
thrown [s\src\hotspot\share\prims\jni.cpp, line 520]
Event: 7.091 Thread 0x0000018f13d779f0 Exception <a 'sun/nio/fs/WindowsException'{0x00000000eaf63588}> (0x00000000eaf63588) 
thrown [s\src\hotspot\share\prims\jni.cpp, line 520]
Event: 7.091 Thread 0x0000018f13d7e980 Exception <a 'sun/nio/fs/WindowsException'{0x00000000eaf592f8}> (0x00000000eaf592f8) 
thrown [s\src\hotspot\share\prims\jni.cpp, line 520]
Event: 7.091 Thread 0x0000018f13d7bb90 Exception <a 'sun/nio/fs/WindowsException'{0x00000000eaf77f00}> (0x00000000eaf77f00) 
thrown [s\src\hotspot\share\prims\jni.cpp, line 520]
Event: 7.091 Thread 0x0000018f13d7dc60 Exception <a 'sun/nio/fs/WindowsException'{0x00000000eafab5c8}> (0x00000000eafab5c8) 
thrown [s\src\hotspot\share\prims\jni.cpp, line 520]
Event: 7.092 Thread 0x0000018f13d7b500 Exception <a 'sun/nio/fs/WindowsException'{0x00000000eafb60b0}> (0x00000000eafb60b0) 
thrown [s\src\hotspot\share\prims\jni.cpp, line 520]
Event: 7.092 Thread 0x0000018f13d7c8b0 Exception <a 'sun/nio/fs/WindowsException'{0x00000000eaf08968}> (0x00000000eaf08968) 
thrown [s\src\hotspot\share\prims\jni.cpp, line 520]
Event: 7.451 Thread 0x0000018f124d45e0 Exception <a 'sun/nio/fs/WindowsException'{0x00000000eac41ed0}> (0x00000000eac41ed0) 
thrown [s\src\hotspot\share\prims\jni.cpp, line 520]
Event: 7.452 Thread 0x0000018f13d7bb90 Exception <a 'sun/nio/fs/WindowsException'{0x00000000eac6db88}> (0x00000000eac6db88) 
thrown [s\src\hotspot\share\prims\jni.cpp, line 520]

ZGC Phase Switch (0 events):
No events

VM Operations (20 events):
Event: 7.535 Executing VM operation: ParallelGCFailedAllocation (Allocation Failure)
Event: 7.538 Executing VM operation: ParallelGCFailedAllocation (Allocation Failure) done
Event: 7.583 Executing VM operation: ParallelGCFailedAllocation (Allocation Failure)
Event: 7.585 Executing VM operation: ParallelGCFailedAllocation (Allocation Failure) done
Event: 7.624 Executing VM operation: ParallelGCFailedAllocation (Allocation Failure)
Event: 7.627 Executing VM operation: ParallelGCFailedAllocation (Allocation Failure) done
Event: 7.653 Executing VM operation: ParallelGCFailedAllocation (Allocation Failure)
Event: 7.655 Executing VM operation: ParallelGCFailedAllocation (Allocation Failure) done
Event: 7.681 Executing VM operation: ParallelGCFailedAllocation (Allocation Failure)
Event: 7.683 Executing VM operation: ParallelGCFailedAllocation (Allocation Failure) done
Event: 7.708 Executing VM operation: ParallelGCFailedAllocation (Allocation Failure)
Event: 7.711 Executing VM operation: ParallelGCFailedAllocation (Allocation Failure) done
Event: 7.767 Executing VM operation: ParallelGCFailedAllocation (Allocation Failure)
Event: 7.772 Executing VM operation: ParallelGCFailedAllocation (Allocation Failure) done
Event: 7.800 Executing VM operation: ParallelGCFailedAllocation (Allocation Failure)
Event: 7.803 Executing VM operation: ParallelGCFailedAllocation (Allocation Failure) done
Event: 7.832 Executing VM operation: ParallelGCFailedAllocation (Allocation Failure)
Event: 7.834 Executing VM operation: ParallelGCFailedAllocation (Allocation Failure) done
Event: 7.872 Executing VM operation: ParallelGCFailedAllocation (Allocation Failure)
Event: 7.875 Executing VM operation: ParallelGCFailedAllocation (Allocation Failure) done

Memory protections (0 events):
No events

Nmethod flushes (20 events):
Event: 4.112 Thread 0x0000018ec9c965a0 flushing  nmethod 0x0000018eb9175c10
Event: 4.112 Thread 0x0000018ec9c965a0 flushing  nmethod 0x0000018eb9176510
Event: 4.112 Thread 0x0000018ec9c965a0 flushing  nmethod 0x0000018eb9177710
Event: 4.112 Thread 0x0000018ec9c965a0 flushing  nmethod 0x0000018eb9177f10
Event: 4.112 Thread 0x0000018ec9c965a0 flushing  nmethod 0x0000018eb9178690
Event: 4.112 Thread 0x0000018ec9c965a0 flushing  nmethod 0x0000018eb9179c10
Event: 4.112 Thread 0x0000018ec9c965a0 flushing  nmethod 0x0000018eb917a790
Event: 4.112 Thread 0x0000018ec9c965a0 flushing  nmethod 0x0000018eb917b090
Event: 4.112 Thread 0x0000018ec9c965a0 flushing  nmethod 0x0000018eb917bd90
Event: 4.112 Thread 0x0000018ec9c965a0 flushing  nmethod 0x0000018eb917c190
Event: 4.112 Thread 0x0000018ec9c965a0 flushing  nmethod 0x0000018eb917d090
Event: 4.112 Thread 0x0000018ec9c965a0 flushing  nmethod 0x0000018eb917e010
Event: 4.112 Thread 0x0000018ec9c965a0 flushing  nmethod 0x0000018eb917e510
Event: 4.112 Thread 0x0000018ec9c965a0 flushing  nmethod 0x0000018eb917f690
Event: 4.112 Thread 0x0000018ec9c965a0 flushing  nmethod 0x0000018eb918c110
Event: 4.112 Thread 0x0000018ec9c965a0 flushing  nmethod 0x0000018eb91af810
Event: 4.112 Thread 0x0000018ec9c965a0 flushing  nmethod 0x0000018eb91b2d10
Event: 4.112 Thread 0x0000018ec9c965a0 flushing  nmethod 0x0000018eb91ca490
Event: 4.112 Thread 0x0000018ec9c965a0 flushing  nmethod 0x0000018eb91f6b10
Event: 4.112 Thread 0x0000018ec9c965a0 flushing  nmethod 0x0000018eb9260f10

Events (20 events):
Event: 7.089 Thread 0x0000018f13d7e2f0 Thread added: 0x0000018f13d7c8b0
Event: 7.090 Thread 0x0000018f13d7c8b0 Thread added: 0x0000018f13d7d5d0
Event: 7.090 Thread 0x0000018f13d78710 Thread added: 0x0000018f13d7a150
Event: 7.090 Thread 0x0000018f13d7e2f0 Thread added: 0x0000018f13d78da0
Event: 7.090 Thread 0x0000018f13d7c8b0 Thread added: 0x0000018f13d7e980
Event: 7.090 Thread 0x0000018f13d78710 Thread added: 0x0000018f13d779f0
Event: 7.090 Thread 0x0000018f13d7e2f0 Thread added: 0x0000018f13d7a7e0
Event: 7.090 Thread 0x0000018f13d7c8b0 Thread added: 0x0000018f13d7b500
Event: 7.091 Thread 0x0000018f13d7d5d0 Thread added: 0x0000018f13d7bb90
Event: 7.091 Thread 0x0000018f13d7e980 Thread added: 0x0000018f13d7dc60
Event: 7.525 Thread 0x0000018f124d45e0 Thread added: 0x0000018f13d7c220
Event: 7.525 Thread 0x0000018f124d45e0 Thread added: 0x0000018f13d7f010
Event: 7.525 Thread 0x0000018f124d45e0 Thread added: 0x0000018f16ed70c0
Event: 7.526 Thread 0x0000018f124d45e0 Thread added: 0x0000018f16ed7de0
Event: 7.526 Thread 0x0000018f124d45e0 Thread added: 0x0000018f16ed8b00
Event: 7.526 Thread 0x0000018f13d7c220 Thread added: 0x0000018f16ede6e0
Event: 7.526 Thread 0x0000018f13d7f010 Thread added: 0x0000018f16edcca0
Event: 7.526 Thread 0x0000018f16ed8b00 Thread added: 0x0000018f16edd9c0
Event: 7.526 Thread 0x0000018f16edd9c0 Thread added: 0x0000018f16ed9eb0
Event: 7.527 Thread 0x0000018f16ed7de0 Thread added: 0x0000018f16edd330


Dynamic libraries:
0x00007ff680fd0000 - 0x00007ff680fde000 	c:\Users\nshre\.vscode\extensions\redhat.java-1.40.0-win32-x64\jre\21.0.6-win32-x86_64\bin\java.exe
0x00007ffff0cf0000 - 0x00007ffff0f07000 	C:\Windows\SYSTEM32\ntdll.dll
0x00007fffef4d0000 - 0x00007fffef594000 	C:\Windows\System32\KERNEL32.DLL
0x00007fffedfa0000 - 0x00007fffee370000 	C:\Windows\System32\KERNELBASE.dll
0x00007fffee680000 - 0x00007fffee791000 	C:\Windows\System32\ucrtbase.dll
0x00007fffe9040000 - 0x00007fffe9058000 	c:\Users\nshre\.vscode\extensions\redhat.java-1.40.0-win32-x64\jre\21.0.6-win32-x86_64\bin\jli.dll
0x00007fffe7820000 - 0x00007fffe783e000 	c:\Users\nshre\.vscode\extensions\redhat.java-1.40.0-win32-x64\jre\21.0.6-win32-x86_64\bin\VCRUNTIME140.dll
0x00007fffef020000 - 0x00007fffef1ce000 	C:\Windows\System32\USER32.dll
0x00007fffee8f0000 - 0x00007fffee916000 	C:\Windows\System32\win32u.dll
0x00007fffd55c0000 - 0x00007fffd5852000 	C:\Windows\WinSxS\amd64_microsoft.windows.common-controls_6595b64144ccf1df_6.0.22621.4830_none_270fe7d773858e80\COMCTL32.dll
0x00007fffeea60000 - 0x00007fffeea89000 	C:\Windows\System32\GDI32.dll
0x00007fffef410000 - 0x00007fffef4b7000 	C:\Windows\System32\msvcrt.dll
0x00007fffee3f0000 - 0x00007fffee50b000 	C:\Windows\System32\gdi32full.dll
0x00007fffee850000 - 0x00007fffee8ea000 	C:\Windows\System32\msvcp_win.dll
0x00007ffff0230000 - 0x00007ffff0261000 	C:\Windows\System32\IMM32.DLL
0x00007fffe98d0000 - 0x00007fffe98dc000 	c:\Users\nshre\.vscode\extensions\redhat.java-1.40.0-win32-x64\jre\21.0.6-win32-x86_64\bin\vcruntime140_1.dll
0x00007fffb3780000 - 0x00007fffb380d000 	c:\Users\nshre\.vscode\extensions\redhat.java-1.40.0-win32-x64\jre\21.0.6-win32-x86_64\bin\msvcp140.dll
0x00007fff99790000 - 0x00007fff9a520000 	c:\Users\nshre\.vscode\extensions\redhat.java-1.40.0-win32-x64\jre\21.0.6-win32-x86_64\bin\server\jvm.dll
0x00007ffff0050000 - 0x00007ffff0101000 	C:\Windows\System32\ADVAPI32.dll
0x00007fffef7b0000 - 0x00007fffef857000 	C:\Windows\System32\sechost.dll
0x00007fffee820000 - 0x00007fffee848000 	C:\Windows\System32\bcrypt.dll
0x00007fffef5e0000 - 0x00007fffef6f4000 	C:\Windows\System32\RPCRT4.dll
0x00007fffee9e0000 - 0x00007fffeea51000 	C:\Windows\System32\WS2_32.dll
0x00007fffecf50000 - 0x00007fffecf9d000 	C:\Windows\SYSTEM32\POWRPROF.dll
0x00007fffe8280000 - 0x00007fffe828a000 	C:\Windows\SYSTEM32\VERSION.dll
0x00007fffe7f90000 - 0x00007fffe7fc4000 	C:\Windows\SYSTEM32\WINMM.dll
0x00007fffece90000 - 0x00007fffecea3000 	C:\Windows\SYSTEM32\UMPDC.dll
0x00007fffed0a0000 - 0x00007fffed0b8000 	C:\Windows\SYSTEM32\kernel.appcore.dll
0x00007fffe96a0000 - 0x00007fffe96aa000 	c:\Users\nshre\.vscode\extensions\redhat.java-1.40.0-win32-x64\jre\21.0.6-win32-x86_64\bin\jimage.dll
0x00007fffeb720000 - 0x00007fffeb952000 	C:\Windows\SYSTEM32\DBGHELP.DLL
0x00007fffeec90000 - 0x00007fffef020000 	C:\Windows\System32\combase.dll
0x00007fffefe00000 - 0x00007fffefed7000 	C:\Windows\System32\OLEAUT32.dll
0x00007fffd00c0000 - 0x00007fffd00f2000 	C:\Windows\SYSTEM32\dbgcore.DLL
0x00007fffee370000 - 0x00007fffee3eb000 	C:\Windows\System32\bcryptPrimitives.dll
0x00007fffe9310000 - 0x00007fffe931f000 	c:\Users\nshre\.vscode\extensions\redhat.java-1.40.0-win32-x64\jre\21.0.6-win32-x86_64\bin\instrument.dll
0x00007fffe9530000 - 0x00007fffe954f000 	c:\Users\nshre\.vscode\extensions\redhat.java-1.40.0-win32-x64\jre\21.0.6-win32-x86_64\bin\java.dll
0x00007ffff0430000 - 0x00007ffff0ca8000 	C:\Windows\System32\SHELL32.dll
0x00007fffebea0000 - 0x00007fffec7b0000 	C:\Windows\SYSTEM32\windows.storage.dll
0x00007fffebd60000 - 0x00007fffebe9f000 	C:\Windows\SYSTEM32\wintypes.dll
0x00007ffff0110000 - 0x00007ffff021a000 	C:\Windows\System32\SHCORE.dll
0x00007fffef330000 - 0x00007fffef38e000 	C:\Windows\System32\shlwapi.dll
0x00007fffeded0000 - 0x00007fffedefb000 	C:\Windows\SYSTEM32\profapi.dll
0x00007fffe7610000 - 0x00007fffe7628000 	c:\Users\nshre\.vscode\extensions\redhat.java-1.40.0-win32-x64\jre\21.0.6-win32-x86_64\bin\zip.dll
0x00007fffe9660000 - 0x00007fffe9670000 	C:\Users\nshre\.vscode\extensions\redhat.java-1.40.0-win32-x64\jre\21.0.6-win32-x86_64\bin\net.dll
0x00007fffe93f0000 - 0x00007fffe951c000 	C:\Windows\SYSTEM32\WINHTTP.dll
0x00007fffed550000 - 0x00007fffed5ba000 	C:\Windows\system32\mswsock.dll
0x00007fffe9330000 - 0x00007fffe9346000 	C:\Users\nshre\.vscode\extensions\redhat.java-1.40.0-win32-x64\jre\21.0.6-win32-x86_64\bin\nio.dll
0x00007fffe8570000 - 0x00007fffe8580000 	c:\Users\nshre\.vscode\extensions\redhat.java-1.40.0-win32-x64\jre\21.0.6-win32-x86_64\bin\verify.dll
0x00007fffd1410000 - 0x00007fffd1455000 	C:\Users\nshre\AppData\Roaming\Code\User\globalStorage\redhat.java\1.40.0\config_win\org.eclipse.equinox.launcher\org.eclipse.equinox.launcher.win32.win32.x86_64_1.2.1200.v20250212-0927\eclipse_11909.dll
0x00007fffeeae0000 - 0x00007fffeec81000 	C:\Windows\System32\ole32.dll
0x00007fffed7b0000 - 0x00007fffed7cb000 	C:\Windows\SYSTEM32\CRYPTSP.dll
0x00007fffed000000 - 0x00007fffed035000 	C:\Windows\system32\rsaenh.dll
0x00007fffed640000 - 0x00007fffed668000 	C:\Windows\SYSTEM32\USERENV.dll
0x00007fffed7a0000 - 0x00007fffed7ac000 	C:\Windows\SYSTEM32\CRYPTBASE.dll
0x00007fffeca40000 - 0x00007fffeca6d000 	C:\Windows\SYSTEM32\IPHLPAPI.DLL
0x00007fffef4c0000 - 0x00007fffef4c9000 	C:\Windows\System32\NSI.dll
0x00007fffd13c0000 - 0x00007fffd1409000 	C:\Users\nshre\AppData\Local\Temp\jna-105116854\jna5222316614116710798.dll
0x00007fffef400000 - 0x00007fffef408000 	C:\Windows\System32\PSAPI.DLL
0x00007fffe9880000 - 0x00007fffe9899000 	C:\Windows\SYSTEM32\dhcpcsvc6.DLL
0x00007fffe9620000 - 0x00007fffe963f000 	C:\Windows\SYSTEM32\dhcpcsvc.DLL

dbghelp: loaded successfully - version: 4.0.5 - missing functions: none
symbol engine: initialized successfully - sym options: 0x614 - pdb path: .;c:\Users\nshre\.vscode\extensions\redhat.java-1.40.0-win32-x64\jre\21.0.6-win32-x86_64\bin;C:\Windows\SYSTEM32;C:\Windows\WinSxS\amd64_microsoft.windows.common-controls_6595b64144ccf1df_6.0.22621.4830_none_270fe7d773858e80;c:\Users\nshre\.vscode\extensions\redhat.java-1.40.0-win32-x64\jre\21.0.6-win32-x86_64\bin\server;C:\Users\nshre\AppData\Roaming\Code\User\globalStorage\redhat.java\1.40.0\config_win\org.eclipse.equinox.launcher\org.eclipse.equinox.launcher.win32.win32.x86_64_1.2.1200.v20250212-0927;C:\Users\nshre\AppData\Local\Temp\jna-105116854

VM Arguments:
jvm_args: --add-modules=ALL-SYSTEM --add-opens=java.base/java.util=ALL-UNNAMED --add-opens=java.base/java.lang=ALL-UNNAMED --add-opens=java.base/sun.nio.fs=ALL-UNNAMED -Declipse.application=org.eclipse.jdt.ls.core.id1 -Dosgi.bundles.defaultStartLevel=4 -Declipse.product=org.eclipse.jdt.ls.core.product -Djava.import.generatesMetadataFilesAtProjectRoot=false -DDetectVMInstallationsJob.disabled=true -Dfile.encoding=utf8 -XX:+UseParallelGC -XX:GCTimeRatio=4 -XX:AdaptiveSizePolicyWeight=90 -Dsun.zip.disableMemoryMapping=true -Xmx1G -Xms100m -Xlog:disable -javaagent:c:\Users\nshre\.vscode\extensions\redhat.java-1.40.0-win32-x64\lombok\lombok-1.18.36.jar -XX:+HeapDumpOnOutOfMemoryError -XX:HeapDumpPath=c:\Users\nshre\AppData\Roaming\Code\User\workspaceStorage\1a411e8547e58d1d53f432f6331f68f2\redhat.java -Daether.dependencyCollector.impl=bf 
java_command: c:\Users\nshre\.vscode\extensions\redhat.java-1.40.0-win32-x64\server\plugins\org.eclipse.equinox.launcher_1.6.1000.v20250131-0606.jar -configuration c:\Users\nshre\AppData\Roaming\Code\User\globalStorage\redhat.java\1.40.0\config_win -data c:\Users\nshre\AppData\Roaming\Code\User\workspaceStorage\1a411e8547e58d1d53f432f6331f68f2\redhat.java\jdt_ws --pipe=\\.\pipe\lsp-8ea4cf79e144a229eaea74f7188959eb-sock
java_class_path (initial): c:\Users\nshre\.vscode\extensions\redhat.java-1.40.0-win32-x64\server\plugins\org.eclipse.equinox.launcher_1.6.1000.v20250131-0606.jar
Launcher Type: SUN_STANDARD

[Global flags]
    uintx AdaptiveSizePolicyWeight                 = 90                                        {product} {command line}
     intx CICompilerCount                          = 4                                         {product} {ergonomic}
    uintx GCTimeRatio                              = 4                                         {product} {command line}
     bool HeapDumpOnOutOfMemoryError               = true                                   {manageable} {command line}
    ccstr HeapDumpPath                             = c:\Users\nshre\AppData\Roaming\Code\User\workspaceStorage\1a411e8547e58d1d53f432f6331f68f2\redhat.java         {manageable} {command line}
   size_t InitialHeapSize                          = 104857600                                 {product} {command line}
   size_t MaxHeapSize                              = 1073741824                                {product} {command line}
   size_t MaxNewSize                               = 357564416                                 {product} {ergonomic}
   size_t MinHeapDeltaBytes                        = 524288                                    {product} {ergonomic}
   size_t MinHeapSize                              = 104857600                                 {product} {command line}
   size_t NewSize                                  = 34603008                                  {product} {ergonomic}
    uintx NonNMethodCodeHeapSize                   = 5839372                                {pd product} {ergonomic}
    uintx NonProfiledCodeHeapSize                  = 122909434                              {pd product} {ergonomic}
   size_t OldSize                                  = 70254592                                  {product} {ergonomic}
    uintx ProfiledCodeHeapSize                     = 122909434                              {pd product} {ergonomic}
    uintx ReservedCodeCacheSize                    = 251658240                              {pd product} {ergonomic}
     bool SegmentedCodeCache                       = true                                      {product} {ergonomic}
   size_t SoftMaxHeapSize                          = 1073741824                             {manageable} {ergonomic}
     bool UseCompressedOops                        = true                           {product lp64_product} {ergonomic}
     bool UseLargePagesIndividualAllocation        = false                                  {pd product} {ergonomic}
     bool UseParallelGC                            = true                                      {product} {command line}

Logging:
Log output configuration:
 #0: stdout all=off uptime,level,tags foldmultilines=false
 #1: stderr all=off uptime,level,tags foldmultilines=false

Environment Variables:
JAVA_HOME=C:\Users\nshre\AppData\Local\Programs\Eclipse Adoptium\jdk-17.0.11.9-hotspot\
PATH=C:\Python313\Scripts\;C:\Python313\;C:\Python312\Scripts\;C:\Python312\;C:\Windows\system32;C:\Windows;C:\Windows\System32\Wbem;C:\Windows\System32\WindowsPowerShell\v1.0\;C:\Windows\System32\OpenSSH\;C:\Program Files (x86)\NVIDIA Corporation\PhysX\Common;C:\Program Files\NVIDIA Corporation\NVIDIA NvDLISR;C:\MinGW\bin;C:\MinGW\bin\gcc.exe;C:\MinGW\bin;C:\MinGW\bin;C:\Program Files\Cloudflare\Cloudflare WARP\;C:\ProgramData\chocolatey\bin;C:\Program Files\MongoDB\Server\7.0\bin;C:\Program Files\apache-maven-3.9.8\bin;C:\Program Files\Git\cmd;C:\Users\nshre\AppData\Local\Android\Sdk\platform-tools;C:\Users\nshre\AppData\Local\Android\Sdk\emulator;C:\Users\nshre\AppData\Local\Android\Sdk\tools;C:\Users\nshre\AppData\Local\Android\Sdk\tools\bin;C:\Program Files\nodejs\;C:\Users\nshre\AppData\Local\Android\Sdk;C:\Program Files\MySQL\MySQL Server 8.0\bin;C:\Program Files\MySQL\MySQL Connector C++ 9.2\include;C:\Program Files\MySQL\MySQL Connector C++ 9.2\lib64;C:\Program Files\MySQL\MySQL Shell 8.0\bin\;C:\Users\nshre\AppData\Local\Programs\Eclipse Adoptium\jdk-17.0.11.9-hotspot\bin;C:\Users\nshre\AppData\Local\Programs\Python\Python311\Scripts\;C:\Users\nshre\AppData\Local\Programs\Python\Python311\;C:\Users\nshre\AppData\Local\Microsoft\WindowsApps;C:\Users\GHOSTPROTOCOL\anaconda3\Library\mingw-w64\bin;C:\Users\nshre\Downloads\mingw-w64-v11.0.0.zip;C:\Users\nshre\AppData\Local\Programs\Microsoft VS Code\bin;C:\msys64\ucrt64\bin;C:\Users\nshre\AppData\Local\GitHubDesktop\bin;C:\Users\nshre\AppData\Local\Microsoft\WinGet\Packages\Schniz.fnm_Microsoft.Winget.Source_8wekyb3d8bbwe;C:\Users\nshre\AppData\Local\Programs\mongosh\;C:\Users\nshre\AppData\Local\Programs\MiKTeX\miktex\bin\x64\;C:\Flutter\src\flutter\bin;C:\Users\nshre\AppData\Local\Android\Sdk;C:\Users\nshre\AppData\Local\Android\Sdk\platform-tools;C:\Users\nshre\AppData\Local\Android\Sdk\emulator;C:\Users\nshre\AppData\Local\Android\Sdk\cmdline-tools\latest\bin;C:\Users\nshre\AppData\Roaming\npm;C:\Users\nshre\AppData\Local\Android\Sdk\tools;C:\Users\nshre\AppData\Local\Android\Sdk\tools\bin;C:\Program Files\MySQL\MySQL Server 8.0\bin;
USERNAME=nshre
OS=Windows_NT
PROCESSOR_IDENTIFIER=Intel64 Family 6 Model 141 Stepping 1, GenuineIntel
TMP=C:\Users\nshre\AppData\Local\Temp
TEMP=C:\Users\nshre\AppData\Local\Temp




Periodic native trim disabled

---------------  S Y S T E M  ---------------

OS:
 Windows 11 , 64 bit Build 22621 (10.0.22621.4830)
OS uptime: 11 days 13:31 hours
Hyper-V role detected

CPU: total 12 (initial active 12) (6 cores per cpu, 2 threads per core) family 6 model 141 stepping 1 microcode 0x34, cx8, cmov, fxsr, ht, mmx, 3dnowpref, sse, sse2, sse3, ssse3, sse4.1, sse4.2, popcnt, lzcnt, tsc, tscinvbit, avx, avx2, aes, erms, clmul, bmi1, bmi2, adx, avx512f, avx512dq, avx512cd, avx512bw, avx512vl, sha, fma, vzeroupper, avx512_vpopcntdq, avx512_vpclmulqdq, avx512_vaes, avx512_vnni, clflush, clflushopt, clwb, avx512_vbmi2, avx512_vbmi, hv, rdtscp, rdpid, fsrm, gfni, avx512_bitalg, f16c, cet_ibt, cet_ss, avx512_ifma
Processor Information for the first 12 processors :
  Max Mhz: 2688, Current Mhz: 2688, Mhz Limit: 2688

Memory: 4k page, system-wide physical 7893M (371M free)
TotalPageFile size 32469M (AvailPageFile size 4M)
current process WorkingSet (physical memory assigned to process): 380M, peak: 380M
current process commit charge ("private bytes"): 392M, peak: 954M

vm_info: OpenJDK 64-Bit Server VM (21.0.6+7-LTS) for windows-amd64 JRE (21.0.6+7-LTS), built on 2025-01-21T00:00:00Z by "admin" with MS VC++ 17.7 (VS2022)

END.
