#
# There is insufficient memory for the Java Runtime Environment to continue.
# Native memory allocation (malloc) failed to allocate 847616 bytes. Error detail: Chunk::new
# Possible reasons:
#   The system is out of physical RAM or swap space
#   This process is running with CompressedOops enabled, and the Java Heap may be blocking the growth of the native heap
# Possible solutions:
#   Reduce memory load on the system
#   Increase physical memory or swap space
#   Check if swap backing store is full
#   Decrease Java heap size (-Xmx/-Xms)
#   Decrease number of Java threads
#   Decrease Java thread stack sizes (-Xss)
#   Set larger code cache with -XX:ReservedCodeCacheSize=
#   JVM is running with Unscaled Compressed Oops mode in which the Java heap is
#     placed in the first 4GB address space. The Java Heap base address is the
#     maximum limit for the native heap growth. Please use -XX:HeapBaseMinAddress
#     to set the Java Heap base and to place the Java Heap above 4GB virtual address.
# This output file may be truncated or incomplete.
#
#  Out of Memory Error (arena.cpp:168), pid=22600, tid=16060
#
# JRE version: OpenJDK Runtime Environment Temurin-21.0.6+7 (21.0.6+7) (build 21.0.6+7-LTS)
# Java VM: OpenJDK 64-Bit Server VM Temurin-21.0.6+7 (21.0.6+7-LTS, mixed mode, sharing, tiered, compressed oops, compressed class ptrs, parallel gc, windows-amd64)
# No core dump will be written. Minidumps are not enabled by default on client versions of Windows
#

---------------  S U M M A R Y ------------

Command Line: --add-modules=ALL-SYSTEM --add-opens=java.base/java.util=ALL-UNNAMED --add-opens=java.base/java.lang=ALL-UNNAMED --add-opens=java.base/sun.nio.fs=ALL-UNNAMED -Declipse.application=org.eclipse.jdt.ls.core.id1 -Dosgi.bundles.defaultStartLevel=4 -Declipse.product=org.eclipse.jdt.ls.core.product -Djava.import.generatesMetadataFilesAtProjectRoot=false -DDetectVMInstallationsJob.disabled=true -Dfile.encoding=utf8 -XX:+UseParallelGC -XX:GCTimeRatio=4 -XX:AdaptiveSizePolicyWeight=90 -Dsun.zip.disableMemoryMapping=true -Xmx1G -Xms100m -Xlog:disable -javaagent:c:\Users\nshre\.vscode\extensions\redhat.java-1.40.0-win32-x64\lombok\lombok-1.18.36.jar -XX:+HeapDumpOnOutOfMemoryError -XX:HeapDumpPath=c:\Users\nshre\AppData\Roaming\Code\User\workspaceStorage\1a411e8547e58d1d53f432f6331f68f2\redhat.java -Daether.dependencyCollector.impl=bf c:\Users\nshre\.vscode\extensions\redhat.java-1.40.0-win32-x64\server\plugins\org.eclipse.equinox.launcher_1.6.1000.v20250131-0606.jar -configuration c:\Users\nshre\AppData\Roaming\Code\User\globalStorage\redhat.java\1.40.0\config_win -data c:\Users\nshre\AppData\Roaming\Code\User\workspaceStorage\1a411e8547e58d1d53f432f6331f68f2\redhat.java\jdt_ws --pipe=\\.\pipe\lsp-bd143a521bbc3d069af4b183fa874a35-sock

Host: 11th Gen Intel(R) Core(TM) i5-11400H @ 2.70GHz, 12 cores, 7G,  Windows 11 , 64 bit Build 22621 (10.0.22621.4830)
Time: Thu Mar  6 22:57:19 2025 India Standard Time elapsed time: 14.708432 seconds (0d 0h 0m 14s)

---------------  T H R E A D  ---------------

Current thread (0x000002046109e220):  JavaThread "C2 CompilerThread1" daemon [_thread_in_native, id=16060, stack(0x0000005f92700000,0x0000005f92800000) (1024K)]


Current CompileTask:
C2:14708 12418   !   4       org.eclipse.osgi.internal.loader.BundleLoader::findRequiredSource (283 bytes)

Stack: [0x0000005f92700000,0x0000005f92800000]
Native frames: (J=compiled Java code, j=interpreted, Vv=VM code, C=native code)
V  [jvm.dll+0x6cdee9]
V  [jvm.dll+0x8a83d1]
V  [jvm.dll+0x8aa8fe]
V  [jvm.dll+0x8aafe3]
V  [jvm.dll+0x27f706]
V  [jvm.dll+0xc500d]
V  [jvm.dll+0xc5543]
V  [jvm.dll+0x2f2acd]
V  [jvm.dll+0x5f6a2a]
V  [jvm.dll+0x250bb2]
V  [jvm.dll+0x249526]
V  [jvm.dll+0x246ec4]
V  [jvm.dll+0x1c75ee]
V  [jvm.dll+0x25685a]
V  [jvm.dll+0x254dfa]
V  [jvm.dll+0x3f0256]
V  [jvm.dll+0x851f8b]
V  [jvm.dll+0x6cc5ed]
C  [ucrtbase.dll+0x29333]
C  [KERNEL32.DLL+0x1259d]
C  [ntdll.dll+0x5af38]


---------------  P R O C E S S  ---------------

Threads class SMR info:
_java_thread_list=0x0000020469eb4260, length=78, elements={
0x000002044b6432c0, 0x000002044b6e33c0, 0x000002045fa2c1b0, 0x000002044b6e8230,
0x000002044b6e9f50, 0x000002044b6ebc40, 0x000002044b6f0c70, 0x000002044b6fb930,
0x000002044b6fe1c0, 0x0000020460f515c0, 0x00000204611c1a60, 0x0000020466761030,
0x000002046699d700, 0x00000204669402a0, 0x0000020466915030, 0x00000204671d11b0,
0x000002046722d9e0, 0x000002046689b440, 0x0000020466ee6ea0, 0x0000020466ee1950,
0x0000020466ee6810, 0x000002046109e220, 0x00000204673b30d0, 0x0000020466edff10,
0x0000020466ee5af0, 0x0000020466ee4740, 0x0000020466ee4dd0, 0x0000020466ee0c30,
0x0000020466ee5460, 0x0000020466ee3390, 0x0000020466ee40b0, 0x0000020466ee1fe0,
0x0000020466ee6180, 0x0000020466ee12c0, 0x0000020466ee2d00, 0x0000020466ee2670,
0x0000020466ee3a20, 0x0000020466ee7530, 0x0000020466ee05a0, 0x00000204689cd030,
0x00000204689cea70, 0x00000204689d3fc0, 0x00000204689d2c10, 0x00000204689cd6c0,
0x00000204689cf790, 0x00000204689d2580, 0x00000204689d0b40, 0x00000204689cfe20,
0x00000204689d04b0, 0x000002046689bad0, 0x00000204691bc570, 0x00000204691bf360,
0x00000204691becd0, 0x00000204691bab30, 0x00000204691bd920, 0x00000204691bf9f0,
0x00000204691bd290, 0x00000204691c2150, 0x00000204691bb1c0, 0x00000204691be640,
0x00000204691c0710, 0x00000204691bcc00, 0x00000204691c0080, 0x00000204691c1ac0,
0x00000204691bb850, 0x00000204691c0da0, 0x000002046689c160, 0x0000020468cd9530,
0x0000020468cdb600, 0x0000020468cde3f0, 0x0000020468cdd040, 0x0000020468cdf7a0,
0x0000020468cdfe30, 0x0000020468cdea80, 0x0000020468cdbc90, 0x0000020468ce0b50,
0x0000020468cdaf70, 0x0000020468cdd6d0
}

Java Threads: ( => current thread )
  0x000002044b6432c0 JavaThread "main"                              [_thread_blocked, id=8084, stack(0x0000005f91a00000,0x0000005f91b00000) (1024K)]
  0x000002044b6e33c0 JavaThread "Reference Handler"          daemon [_thread_blocked, id=10440, stack(0x0000005f91e00000,0x0000005f91f00000) (1024K)]
  0x000002045fa2c1b0 JavaThread "Finalizer"                  daemon [_thread_blocked, id=2772, stack(0x0000005f91f00000,0x0000005f92000000) (1024K)]
  0x000002044b6e8230 JavaThread "Signal Dispatcher"          daemon [_thread_blocked, id=17516, stack(0x0000005f92000000,0x0000005f92100000) (1024K)]
  0x000002044b6e9f50 JavaThread "Attach Listener"            daemon [_thread_blocked, id=14508, stack(0x0000005f92100000,0x0000005f92200000) (1024K)]
  0x000002044b6ebc40 JavaThread "Service Thread"             daemon [_thread_blocked, id=4480, stack(0x0000005f92200000,0x0000005f92300000) (1024K)]
  0x000002044b6f0c70 JavaThread "Monitor Deflation Thread"   daemon [_thread_blocked, id=17068, stack(0x0000005f92300000,0x0000005f92400000) (1024K)]
  0x000002044b6fb930 JavaThread "C2 CompilerThread0"         daemon [_thread_blocked, id=17036, stack(0x0000005f92400000,0x0000005f92500000) (1024K)]
  0x000002044b6fe1c0 JavaThread "C1 CompilerThread0"         daemon [_thread_blocked, id=22892, stack(0x0000005f92500000,0x0000005f92600000) (1024K)]
  0x0000020460f515c0 JavaThread "Common-Cleaner"             daemon [_thread_blocked, id=22760, stack(0x0000005f92600000,0x0000005f92700000) (1024K)]
  0x00000204611c1a60 JavaThread "Notification Thread"        daemon [_thread_blocked, id=8468, stack(0x0000005f92800000,0x0000005f92900000) (1024K)]
  0x0000020466761030 JavaThread "Active Thread: Equinox Container: 911b2ca8-7134-49f4-b41c-2d8761af28b3"        [_thread_blocked, id=10644, stack(0x0000005f93000000,0x0000005f93100000) (1024K)]
  0x000002046699d700 JavaThread "Refresh Thread: Equinox Container: 911b2ca8-7134-49f4-b41c-2d8761af28b3" daemon [_thread_blocked, id=8996, stack(0x0000005f93100000,0x0000005f93200000) (1024K)]
  0x00000204669402a0 JavaThread "Framework Event Dispatcher: Equinox Container: 911b2ca8-7134-49f4-b41c-2d8761af28b3" daemon [_thread_blocked, id=6440, stack(0x0000005f93300000,0x0000005f93400000) (1024K)]
  0x0000020466915030 JavaThread "Start Level: Equinox Container: 911b2ca8-7134-49f4-b41c-2d8761af28b3" daemon [_thread_blocked, id=8748, stack(0x0000005f93400000,0x0000005f93500000) (1024K)]
  0x00000204671d11b0 JavaThread "Bundle File Closer"         daemon [_thread_blocked, id=23864, stack(0x0000005f93500000,0x0000005f93600000) (1024K)]
  0x000002046722d9e0 JavaThread "SCR Component Actor"        daemon [_thread_blocked, id=16744, stack(0x0000005f93800000,0x0000005f93900000) (1024K)]
  0x000002046689b440 JavaThread "Worker-JM"                         [_thread_blocked, id=6316, stack(0x0000005f93a00000,0x0000005f93b00000) (1024K)]
  0x0000020466ee6ea0 JavaThread "JNA Cleaner"                daemon [_thread_blocked, id=18452, stack(0x0000005f93b00000,0x0000005f93c00000) (1024K)]
  0x0000020466ee1950 JavaThread "Worker-0"                          [_thread_blocked, id=24204, stack(0x0000005f93c00000,0x0000005f93d00000) (1024K)]
  0x0000020466ee6810 JavaThread "Worker-1: Initialize Workspace"        [_thread_blocked, id=11732, stack(0x0000005f92900000,0x0000005f92a00000) (1024K)]
=>0x000002046109e220 JavaThread "C2 CompilerThread1"         daemon [_thread_in_native, id=16060, stack(0x0000005f92700000,0x0000005f92800000) (1024K)]
  0x00000204673b30d0 JavaThread "C2 CompilerThread2"         daemon [_thread_blocked, id=15820, stack(0x0000005f93d00000,0x0000005f93e00000) (1024K)]
  0x0000020466edff10 JavaThread "Java indexing"              daemon [_thread_in_Java, id=13444, stack(0x0000005f93e00000,0x0000005f93f00000) (1024K)]
  0x0000020466ee5af0 JavaThread "Worker-2: Java indexing... "        [_thread_blocked, id=13688, stack(0x0000005f93f00000,0x0000005f94000000) (1024K)]
  0x0000020466ee4740 JavaThread "Worker-3"                          [_thread_blocked, id=19512, stack(0x0000005f94000000,0x0000005f94100000) (1024K)]
  0x0000020466ee4dd0 JavaThread "Thread-2"                   daemon [_thread_in_native, id=21384, stack(0x0000005f94100000,0x0000005f94200000) (1024K)]
  0x0000020466ee0c30 JavaThread "Thread-3"                   daemon [_thread_in_native, id=18540, stack(0x0000005f94200000,0x0000005f94300000) (1024K)]
  0x0000020466ee5460 JavaThread "Thread-4"                   daemon [_thread_in_native, id=800, stack(0x0000005f94300000,0x0000005f94400000) (1024K)]
  0x0000020466ee3390 JavaThread "Thread-5"                   daemon [_thread_in_native, id=22724, stack(0x0000005f94400000,0x0000005f94500000) (1024K)]
  0x0000020466ee40b0 JavaThread "Thread-6"                   daemon [_thread_in_native, id=8100, stack(0x0000005f94500000,0x0000005f94600000) (1024K)]
  0x0000020466ee1fe0 JavaThread "Thread-7"                   daemon [_thread_in_native, id=23312, stack(0x0000005f94600000,0x0000005f94700000) (1024K)]
  0x0000020466ee6180 JavaThread "Thread-8"                   daemon [_thread_in_native, id=21328, stack(0x0000005f94700000,0x0000005f94800000) (1024K)]
  0x0000020466ee12c0 JavaThread "Thread-9"                   daemon [_thread_in_native, id=19356, stack(0x0000005f94800000,0x0000005f94900000) (1024K)]
  0x0000020466ee2d00 JavaThread "Thread-10"                  daemon [_thread_in_native, id=6724, stack(0x0000005f94900000,0x0000005f94a00000) (1024K)]
  0x0000020466ee2670 JavaThread "Thread-11"                  daemon [_thread_in_native, id=19076, stack(0x0000005f94a00000,0x0000005f94b00000) (1024K)]
  0x0000020466ee3a20 JavaThread "Thread-12"                  daemon [_thread_in_native, id=12008, stack(0x0000005f94b00000,0x0000005f94c00000) (1024K)]
  0x0000020466ee7530 JavaThread "Thread-13"                  daemon [_thread_in_native, id=18080, stack(0x0000005f94c00000,0x0000005f94d00000) (1024K)]
  0x0000020466ee05a0 JavaThread "Thread-14"                  daemon [_thread_in_native, id=8580, stack(0x0000005f94d00000,0x0000005f94e00000) (1024K)]
  0x00000204689cd030 JavaThread "pool-2-thread-1"                   [_thread_blocked, id=15560, stack(0x0000005f94e00000,0x0000005f94f00000) (1024K)]
  0x00000204689cea70 JavaThread "Worker-4"                          [_thread_blocked, id=1288, stack(0x0000005f94f00000,0x0000005f95000000) (1024K)]
  0x00000204689d3fc0 JavaThread "WorkspaceEventsHandler"            [_thread_blocked, id=13412, stack(0x0000005f95000000,0x0000005f95100000) (1024K)]
  0x00000204689d2c10 JavaThread "pool-1-thread-1"                   [_thread_blocked, id=20864, stack(0x0000005f95100000,0x0000005f95200000) (1024K)]
  0x00000204689cd6c0 JavaThread "LocalFile Deleter"          daemon [_thread_blocked, id=12900, stack(0x0000005f95200000,0x0000005f95300000) (1024K)]
  0x00000204689cf790 JavaThread "LocalFile Deleter"          daemon [_thread_blocked, id=9580, stack(0x0000005f95300000,0x0000005f95400000) (1024K)]
  0x00000204689d2580 JavaThread "LocalFile Deleter"          daemon [_thread_blocked, id=5304, stack(0x0000005f95400000,0x0000005f95500000) (1024K)]
  0x00000204689d0b40 JavaThread "LocalFile Deleter"          daemon [_thread_blocked, id=10260, stack(0x0000005f95500000,0x0000005f95600000) (1024K)]
  0x00000204689cfe20 JavaThread "LocalFile Deleter"          daemon [_thread_blocked, id=19828, stack(0x0000005f95600000,0x0000005f95700000) (1024K)]
  0x00000204689d04b0 JavaThread "LocalFile Deleter"          daemon [_thread_blocked, id=25384, stack(0x0000005f95700000,0x0000005f95800000) (1024K)]
  0x000002046689bad0 JavaThread "LocalFile Deleter"          daemon [_thread_blocked, id=21960, stack(0x0000005f95800000,0x0000005f95900000) (1024K)]
  0x00000204691bc570 JavaThread "LocalFile Deleter"          daemon [_thread_blocked, id=4204, stack(0x0000005f95900000,0x0000005f95a00000) (1024K)]
  0x00000204691bf360 JavaThread "LocalFile Deleter"          daemon [_thread_blocked, id=20916, stack(0x0000005f95a00000,0x0000005f95b00000) (1024K)]
  0x00000204691becd0 JavaThread "LocalFile Deleter"          daemon [_thread_blocked, id=15304, stack(0x0000005f95b00000,0x0000005f95c00000) (1024K)]
  0x00000204691bab30 JavaThread "LocalFile Deleter"          daemon [_thread_blocked, id=11096, stack(0x0000005f95c00000,0x0000005f95d00000) (1024K)]
  0x00000204691bd920 JavaThread "LocalFile Deleter"          daemon [_thread_blocked, id=22372, stack(0x0000005f95d00000,0x0000005f95e00000) (1024K)]
  0x00000204691bf9f0 JavaThread "Compiler Source File Reader" daemon [_thread_blocked, id=2740, stack(0x0000005f95e00000,0x0000005f95f00000) (1024K)]
  0x00000204691bd290 JavaThread "Compiler Source File Reader" daemon [_thread_blocked, id=13976, stack(0x0000005f95f00000,0x0000005f96000000) (1024K)]
  0x00000204691c2150 JavaThread "Compiler Source File Reader" daemon [_thread_blocked, id=11924, stack(0x0000005f96000000,0x0000005f96100000) (1024K)]
  0x00000204691bb1c0 JavaThread "Compiler Source File Reader" daemon [_thread_blocked, id=16956, stack(0x0000005f96100000,0x0000005f96200000) (1024K)]
  0x00000204691be640 JavaThread "Compiler Source File Reader" daemon [_thread_blocked, id=2316, stack(0x0000005f96200000,0x0000005f96300000) (1024K)]
  0x00000204691c0710 JavaThread "Compiler Source File Reader" daemon [_thread_blocked, id=7116, stack(0x0000005f96300000,0x0000005f96400000) (1024K)]
  0x00000204691bcc00 JavaThread "Compiler Source File Reader" daemon [_thread_blocked, id=14572, stack(0x0000005f96400000,0x0000005f96500000) (1024K)]
  0x00000204691c0080 JavaThread "Compiler Source File Reader" daemon [_thread_blocked, id=4672, stack(0x0000005f96500000,0x0000005f96600000) (1024K)]
  0x00000204691c1ac0 JavaThread "Compiler Source File Reader" daemon [_thread_blocked, id=18396, stack(0x0000005f96600000,0x0000005f96700000) (1024K)]
  0x00000204691bb850 JavaThread "Compiler Source File Reader" daemon [_thread_blocked, id=15516, stack(0x0000005f96700000,0x0000005f96800000) (1024K)]
  0x00000204691c0da0 JavaThread "Compiler Processing Task"   daemon [_thread_blocked, id=25508, stack(0x0000005f93900000,0x0000005f93a00000) (1024K)]
  0x000002046689c160 JavaThread "Compiler Class File Writer" daemon [_thread_blocked, id=23520, stack(0x0000005f96800000,0x0000005f96900000) (1024K)]
  0x0000020468cd9530 JavaThread "Compiler Class File Writer" daemon [_thread_blocked, id=23612, stack(0x0000005f96900000,0x0000005f96a00000) (1024K)]
  0x0000020468cdb600 JavaThread "Compiler Class File Writer" daemon [_thread_blocked, id=15048, stack(0x0000005f96a00000,0x0000005f96b00000) (1024K)]
  0x0000020468cde3f0 JavaThread "Compiler Class File Writer" daemon [_thread_blocked, id=14868, stack(0x0000005f96b00000,0x0000005f96c00000) (1024K)]
  0x0000020468cdd040 JavaThread "Compiler Class File Writer" daemon [_thread_blocked, id=16364, stack(0x0000005f96c00000,0x0000005f96d00000) (1024K)]
  0x0000020468cdf7a0 JavaThread "Compiler Class File Writer" daemon [_thread_blocked, id=12208, stack(0x0000005f96d00000,0x0000005f96e00000) (1024K)]
  0x0000020468cdfe30 JavaThread "Compiler Class File Writer" daemon [_thread_blocked, id=6864, stack(0x0000005f96e00000,0x0000005f96f00000) (1024K)]
  0x0000020468cdea80 JavaThread "Compiler Class File Writer" daemon [_thread_blocked, id=24852, stack(0x0000005f96f00000,0x0000005f97000000) (1024K)]
  0x0000020468cdbc90 JavaThread "Compiler Class File Writer" daemon [_thread_blocked, id=13364, stack(0x0000005f97000000,0x0000005f97100000) (1024K)]
  0x0000020468ce0b50 JavaThread "Compiler Class File Writer" daemon [_thread_blocked, id=8352, stack(0x0000005f97100000,0x0000005f97200000) (1024K)]
  0x0000020468cdaf70 JavaThread "Timer-0"                           [_thread_blocked, id=19360, stack(0x0000005f97200000,0x0000005f97300000) (1024K)]
  0x0000020468cdd6d0 JavaThread "Connection worker"                 [_thread_in_Java, id=14568, stack(0x0000005f97300000,0x0000005f97400000) (1024K)]
Total: 78

Other Threads:
  0x000002044b6ddc30 VMThread "VM Thread"                           [id=20964, stack(0x0000005f91d00000,0x0000005f91e00000) (1024K)]
  0x000002044b6afc30 WatcherThread "VM Periodic Task Thread"        [id=15040, stack(0x0000005f91c00000,0x0000005f91d00000) (1024K)]
  0x000002044b662510 WorkerThread "GC Thread#0"                     [id=14920, stack(0x0000005f91b00000,0x0000005f91c00000) (1024K)]
  0x0000020466617700 WorkerThread "GC Thread#1"                     [id=2180, stack(0x0000005f92a00000,0x0000005f92b00000) (1024K)]
  0x0000020466617aa0 WorkerThread "GC Thread#2"                     [id=11796, stack(0x0000005f92b00000,0x0000005f92c00000) (1024K)]
  0x0000020466835110 WorkerThread "GC Thread#3"                     [id=14560, stack(0x0000005f92c00000,0x0000005f92d00000) (1024K)]
  0x00000204668354b0 WorkerThread "GC Thread#4"                     [id=23556, stack(0x0000005f92d00000,0x0000005f92e00000) (1024K)]
  0x0000020466835850 WorkerThread "GC Thread#5"                     [id=25184, stack(0x0000005f92e00000,0x0000005f92f00000) (1024K)]
  0x0000020466835bf0 WorkerThread "GC Thread#6"                     [id=4956, stack(0x0000005f92f00000,0x0000005f93000000) (1024K)]
  0x0000020466974ef0 WorkerThread "GC Thread#7"                     [id=17552, stack(0x0000005f93200000,0x0000005f93300000) (1024K)]
  0x000002046717ee10 WorkerThread "GC Thread#8"                     [id=7968, stack(0x0000005f93600000,0x0000005f93700000) (1024K)]
  0x0000020466d6a030 WorkerThread "GC Thread#9"                     [id=24148, stack(0x0000005f93700000,0x0000005f93800000) (1024K)]
Total: 12

Threads with active compile tasks:
C2 CompilerThread0  14734 12438   !   4       java.util.jar.JarFile::checkForSpecialAttributes (163 bytes)
C2 CompilerThread1  14735 12418   !   4       org.eclipse.osgi.internal.loader.BundleLoader::findRequiredSource (283 bytes)
Total: 2

VM state: not at safepoint (normal execution)

VM Mutex/Monitor currently owned by a thread: None

Heap address: 0x00000000c0000000, size: 1024 MB, Compressed Oops mode: 32-bit

CDS archive(s) mapped at: [0x0000020400000000-0x0000020400ba0000-0x0000020400ba0000), size 12189696, SharedBaseAddress: 0x0000020400000000, ArchiveRelocationMode: 1.
Compressed class space mapped at: 0x0000020401000000-0x0000020441000000, reserved size: 1073741824
Narrow klass base: 0x0000020400000000, Narrow klass shift: 0, Narrow klass range: 0x100000000

GC Precious Log:
 CardTable entry size: 512
 CPUs: 12 total, 12 available
 Memory: 7893M
 Large Page Support: Disabled
 NUMA Support: Disabled
 Compressed Oops: Enabled (32-bit)
 Alignments: Space 512K, Generation 512K, Heap 2M
 Heap Min Capacity: 100M
 Heap Initial Capacity: 100M
 Heap Max Capacity: 1G
 Pre-touch: Disabled
 Parallel Workers: 10

Heap:
 PSYoungGen      total 8192K, used 4598K [0x00000000eab00000, 0x00000000eb600000, 0x0000000100000000)
  eden space 5632K, 36% used [0x00000000eab00000,0x00000000ead014d0,0x00000000eb080000)
  from space 2560K, 99% used [0x00000000eb380000,0x00000000eb5fc660,0x00000000eb600000)
  to   space 2560K, 0% used [0x00000000eb080000,0x00000000eb080000,0x00000000eb300000)
 ParOldGen       total 358400K, used 322679K [0x00000000c0000000, 0x00000000d5e00000, 0x00000000eab00000)
  object space 358400K, 90% used [0x00000000c0000000,0x00000000d3b1dc38,0x00000000d5e00000)
 Metaspace       used 61775K, committed 63168K, reserved 1114112K
  class space    used 6302K, committed 6912K, reserved 1048576K

Card table byte_map: [0x000002044afe0000,0x000002044b1f0000] _byte_map_base: 0x000002044a9e0000

Marking Bits: (ParMarkBitMap*) 0x00007fff9a443260
 Begin Bits: [0x000002045d830000, 0x000002045e830000)
 End Bits:   [0x000002045e830000, 0x000002045f830000)

Polling page: 0x00000204494d0000

Metaspace:

Usage:
  Non-class:     54.17 MB used.
      Class:      6.16 MB used.
       Both:     60.33 MB used.

Virtual space:
  Non-class space:       64.00 MB reserved,      54.94 MB ( 86%) committed,  1 nodes.
      Class space:        1.00 GB reserved,       6.75 MB ( <1%) committed,  1 nodes.
             Both:        1.06 GB reserved,      61.69 MB (  6%) committed. 

Chunk freelists:
   Non-Class:  8.58 MB
       Class:  9.24 MB
        Both:  17.82 MB

MaxMetaspaceSize: unlimited
CompressedClassSpaceSize: 1.00 GB
Initial GC threshold: 21.00 MB
Current GC threshold: 102.50 MB
CDS: on
 - commit_granule_bytes: 65536.
 - commit_granule_words: 8192.
 - virtual_space_node_default_size: 8388608.
 - enlarge_chunks_in_place: 1.
 - use_allocation_guard: 0.


Internal statistics:

num_allocs_failed_limit: 9.
num_arena_births: 1098.
num_arena_deaths: 14.
num_vsnodes_births: 2.
num_vsnodes_deaths: 0.
num_space_committed: 987.
num_space_uncommitted: 0.
num_chunks_returned_to_freelist: 23.
num_chunks_taken_from_freelist: 3870.
num_chunk_merges: 15.
num_chunk_splits: 2471.
num_chunks_enlarged: 1535.
num_inconsistent_stats: 0.

CodeHeap 'non-profiled nmethods': size=120000Kb used=6987Kb max_used=8380Kb free=113012Kb
 bounds [0x0000020456300000, 0x0000020456b30000, 0x000002045d830000]
CodeHeap 'profiled nmethods': size=120000Kb used=21123Kb max_used=27679Kb free=98876Kb
 bounds [0x000002044e830000, 0x0000020450340000, 0x0000020455d60000]
CodeHeap 'non-nmethods': size=5760Kb used=1439Kb max_used=1528Kb free=4320Kb
 bounds [0x0000020455d60000, 0x0000020455fd0000, 0x0000020456300000]
 total_blobs=10620 nmethods=9883 adapters=641
 compilation: enabled
              stopped_count=0, restarted_count=0
 full_count=0

Compilation events (20 events):
Event: 14.679 Thread 0x000002044b6fb930 12424 %     4       java.util.jar.JarFile::match @ 14 (132 bytes)
Event: 14.683 Thread 0x000002044b6fb930 nmethod 12424% 0x00000204563c4890 code [0x00000204563c4a40, 0x00000204563c4e58]
Event: 14.684 Thread 0x000002044b6fb930 12426       4       java.util.zip.ZipFile$Source::checkExtraFields (161 bytes)
Event: 14.685 Thread 0x000002044b6fb930 nmethod 12426 0x00000204563b6b10 code [0x00000204563b6ca0, 0x00000204563b6ee0]
Event: 14.685 Thread 0x000002044b6fb930 12430       4       java.util.StringTokenizer::skipDelimiters (116 bytes)
Event: 14.689 Thread 0x000002044b6fe1c0 12433       3       jdk.internal.loader.FileURLMapper::getPath (139 bytes)
Event: 14.689 Thread 0x000002044b6fb930 nmethod 12430 0x0000020456674310 code [0x00000204566744e0, 0x0000020456674920]
Event: 14.689 Thread 0x000002044b6fb930 12432       4       java.util.jar.JarFile::match (132 bytes)
Event: 14.690 Thread 0x000002044b6fe1c0 nmethod 12433 0x000002044e91f010 code [0x000002044e91f300, 0x000002044e91ff90]
Event: 14.691 Thread 0x000002044b6fe1c0 12434       3       java.util.TreeMap::addEntryToEmptyMap (37 bytes)
Event: 14.691 Thread 0x000002044b6fe1c0 nmethod 12434 0x000002044eaf2a10 code [0x000002044eaf2c00, 0x000002044eaf3208]
Event: 14.692 Thread 0x000002044b6fb930 nmethod 12432 0x0000020456454c10 code [0x0000020456454dc0, 0x00000204564550f8]
Event: 14.692 Thread 0x000002044b6fb930 12428       4       java.io.RandomAccessFile::readFully (45 bytes)
Event: 14.694 Thread 0x000002044b6fb930 nmethod 12428 0x00000204563e0c10 code [0x00000204563e0dc0, 0x00000204563e0f78]
Event: 14.694 Thread 0x000002044b6fb930 12427       4       jdk.internal.ref.CleanerImpl$PhantomCleanableRef::performCleanup (10 bytes)
Event: 14.694 Thread 0x000002044b6fb930 nmethod 12427 0x000002045646d690 code [0x000002045646d820, 0x000002045646d8d0]
Event: 14.694 Thread 0x000002044b6fb930 12435       4       java.util.ArrayDeque::poll (5 bytes)
Event: 14.695 Thread 0x000002044b6fb930 nmethod 12435 0x000002045634e710 code [0x000002045634e8a0, 0x000002045634e998]
Event: 14.705 Thread 0x000002044b6fe1c0 12436       3       java.lang.String::hashCode (60 bytes)
Event: 14.706 Thread 0x000002044b6fe1c0 nmethod 12436 0x000002044e849e10 code [0x000002044e849fe0, 0x000002044e84a320]

GC Heap History (20 events):
Event: 13.682 GC heap before
{Heap before GC invocations=414 (full 3):
 PSYoungGen      total 9216K, used 8512K [0x00000000eab00000, 0x00000000eb800000, 0x0000000100000000)
  eden space 5632K, 94% used [0x00000000eab00000,0x00000000eb02e540,0x00000000eb080000)
  from space 3584K, 89% used [0x00000000eb480000,0x00000000eb7a1e90,0x00000000eb800000)
  to   space 3584K, 0% used [0x00000000eb100000,0x00000000eb100000,0x00000000eb480000)
 ParOldGen       total 332288K, used 332017K [0x00000000c0000000, 0x00000000d4480000, 0x00000000eab00000)
  object space 332288K, 99% used [0x00000000c0000000,0x00000000d443c4b8,0x00000000d4480000)
 Metaspace       used 59813K, committed 61120K, reserved 1114112K
  class space    used 5976K, committed 6528K, reserved 1048576K
}
Event: 13.686 GC heap after
{Heap after GC invocations=414 (full 3):
 PSYoungGen      total 9216K, used 3475K [0x00000000eab00000, 0x00000000eb780000, 0x0000000100000000)
  eden space 5632K, 0% used [0x00000000eab00000,0x00000000eab00000,0x00000000eb080000)
  from space 3584K, 96% used [0x00000000eb100000,0x00000000eb464e60,0x00000000eb480000)
  to   space 3072K, 0% used [0x00000000eb480000,0x00000000eb480000,0x00000000eb780000)
 ParOldGen       total 335360K, used 335114K [0x00000000c0000000, 0x00000000d4780000, 0x00000000eab00000)
  object space 335360K, 99% used [0x00000000c0000000,0x00000000d4742848,0x00000000d4780000)
 Metaspace       used 59813K, committed 61120K, reserved 1114112K
  class space    used 5976K, committed 6528K, reserved 1048576K
}
Event: 13.736 GC heap before
{Heap before GC invocations=415 (full 3):
 PSYoungGen      total 9216K, used 9107K [0x00000000eab00000, 0x00000000eb780000, 0x0000000100000000)
  eden space 5632K, 100% used [0x00000000eab00000,0x00000000eb080000,0x00000000eb080000)
  from space 3584K, 96% used [0x00000000eb100000,0x00000000eb464e60,0x00000000eb480000)
  to   space 3072K, 0% used [0x00000000eb480000,0x00000000eb480000,0x00000000eb780000)
 ParOldGen       total 335360K, used 335114K [0x00000000c0000000, 0x00000000d4780000, 0x00000000eab00000)
  object space 335360K, 99% used [0x00000000c0000000,0x00000000d4742848,0x00000000d4780000)
 Metaspace       used 59813K, committed 61120K, reserved 1114112K
  class space    used 5976K, committed 6528K, reserved 1048576K
}
Event: 13.740 GC heap after
{Heap after GC invocations=415 (full 3):
 PSYoungGen      total 8192K, used 2459K [0x00000000eab00000, 0x00000000eb700000, 0x0000000100000000)
  eden space 5632K, 0% used [0x00000000eab00000,0x00000000eab00000,0x00000000eb080000)
  from space 2560K, 96% used [0x00000000eb480000,0x00000000eb6e6f48,0x00000000eb700000)
  to   space 3072K, 0% used [0x00000000eb100000,0x00000000eb100000,0x00000000eb400000)
 ParOldGen       total 339456K, used 339138K [0x00000000c0000000, 0x00000000d4b80000, 0x00000000eab00000)
  object space 339456K, 99% used [0x00000000c0000000,0x00000000d4b30ba0,0x00000000d4b80000)
 Metaspace       used 59813K, committed 61120K, reserved 1114112K
  class space    used 5976K, committed 6528K, reserved 1048576K
}
Event: 13.785 GC heap before
{Heap before GC invocations=416 (full 3):
 PSYoungGen      total 8192K, used 8091K [0x00000000eab00000, 0x00000000eb700000, 0x0000000100000000)
  eden space 5632K, 100% used [0x00000000eab00000,0x00000000eb080000,0x00000000eb080000)
  from space 2560K, 96% used [0x00000000eb480000,0x00000000eb6e6f48,0x00000000eb700000)
  to   space 3072K, 0% used [0x00000000eb100000,0x00000000eb100000,0x00000000eb400000)
 ParOldGen       total 339456K, used 339138K [0x00000000c0000000, 0x00000000d4b80000, 0x00000000eab00000)
  object space 339456K, 99% used [0x00000000c0000000,0x00000000d4b30ba0,0x00000000d4b80000)
 Metaspace       used 59813K, committed 61120K, reserved 1114112K
  class space    used 5976K, committed 6528K, reserved 1048576K
}
Event: 13.789 GC heap after
{Heap after GC invocations=416 (full 3):
 PSYoungGen      total 8704K, used 3071K [0x00000000eab00000, 0x00000000eb780000, 0x0000000100000000)
  eden space 5632K, 0% used [0x00000000eab00000,0x00000000eab00000,0x00000000eb080000)
  from space 3072K, 99% used [0x00000000eb100000,0x00000000eb3fff70,0x00000000eb400000)
  to   space 3584K, 0% used [0x00000000eb400000,0x00000000eb400000,0x00000000eb780000)
 ParOldGen       total 342016K, used 341524K [0x00000000c0000000, 0x00000000d4e00000, 0x00000000eab00000)
  object space 342016K, 99% used [0x00000000c0000000,0x00000000d4d85028,0x00000000d4e00000)
 Metaspace       used 59813K, committed 61120K, reserved 1114112K
  class space    used 5976K, committed 6528K, reserved 1048576K
}
Event: 13.847 GC heap before
{Heap before GC invocations=417 (full 3):
 PSYoungGen      total 8704K, used 8586K [0x00000000eab00000, 0x00000000eb780000, 0x0000000100000000)
  eden space 5632K, 97% used [0x00000000eab00000,0x00000000eb0628c0,0x00000000eb080000)
  from space 3072K, 99% used [0x00000000eb100000,0x00000000eb3fff70,0x00000000eb400000)
  to   space 3584K, 0% used [0x00000000eb400000,0x00000000eb400000,0x00000000eb780000)
 ParOldGen       total 342016K, used 341524K [0x00000000c0000000, 0x00000000d4e00000, 0x00000000eab00000)
  object space 342016K, 99% used [0x00000000c0000000,0x00000000d4d85028,0x00000000d4e00000)
 Metaspace       used 60141K, committed 61440K, reserved 1114112K
  class space    used 6032K, committed 6592K, reserved 1048576K
}
Event: 13.851 GC heap after
{Heap after GC invocations=417 (full 3):
 PSYoungGen      total 8704K, used 2731K [0x00000000eab00000, 0x00000000eb700000, 0x0000000100000000)
  eden space 5632K, 0% used [0x00000000eab00000,0x00000000eab00000,0x00000000eb080000)
  from space 3072K, 88% used [0x00000000eb400000,0x00000000eb6aae00,0x00000000eb700000)
  to   space 3072K, 0% used [0x00000000eb100000,0x00000000eb100000,0x00000000eb400000)
 ParOldGen       total 344576K, used 344462K [0x00000000c0000000, 0x00000000d5080000, 0x00000000eab00000)
  object space 344576K, 99% used [0x00000000c0000000,0x00000000d5063a38,0x00000000d5080000)
 Metaspace       used 60141K, committed 61440K, reserved 1114112K
  class space    used 6032K, committed 6592K, reserved 1048576K
}
Event: 13.878 GC heap before
{Heap before GC invocations=418 (full 3):
 PSYoungGen      total 8704K, used 8363K [0x00000000eab00000, 0x00000000eb700000, 0x0000000100000000)
  eden space 5632K, 100% used [0x00000000eab00000,0x00000000eb080000,0x00000000eb080000)
  from space 3072K, 88% used [0x00000000eb400000,0x00000000eb6aae00,0x00000000eb700000)
  to   space 3072K, 0% used [0x00000000eb100000,0x00000000eb100000,0x00000000eb400000)
 ParOldGen       total 344576K, used 344462K [0x00000000c0000000, 0x00000000d5080000, 0x00000000eab00000)
  object space 344576K, 99% used [0x00000000c0000000,0x00000000d5063a38,0x00000000d5080000)
 Metaspace       used 60495K, committed 61824K, reserved 1114112K
  class space    used 6084K, committed 6656K, reserved 1048576K
}
Event: 13.883 GC heap after
{Heap after GC invocations=418 (full 3):
 PSYoungGen      total 8704K, used 2735K [0x00000000eab00000, 0x00000000eb680000, 0x0000000100000000)
  eden space 5632K, 0% used [0x00000000eab00000,0x00000000eab00000,0x00000000eb080000)
  from space 3072K, 89% used [0x00000000eb100000,0x00000000eb3abda8,0x00000000eb400000)
  to   space 2560K, 0% used [0x00000000eb400000,0x00000000eb400000,0x00000000eb680000)
 ParOldGen       total 347136K, used 347044K [0x00000000c0000000, 0x00000000d5300000, 0x00000000eab00000)
  object space 347136K, 99% used [0x00000000c0000000,0x00000000d52e9208,0x00000000d5300000)
 Metaspace       used 60495K, committed 61824K, reserved 1114112K
  class space    used 6084K, committed 6656K, reserved 1048576K
}
Event: 13.926 GC heap before
{Heap before GC invocations=419 (full 3):
 PSYoungGen      total 8704K, used 8367K [0x00000000eab00000, 0x00000000eb680000, 0x0000000100000000)
  eden space 5632K, 100% used [0x00000000eab00000,0x00000000eb080000,0x00000000eb080000)
  from space 3072K, 89% used [0x00000000eb100000,0x00000000eb3abda8,0x00000000eb400000)
  to   space 2560K, 0% used [0x00000000eb400000,0x00000000eb400000,0x00000000eb680000)
 ParOldGen       total 347136K, used 347044K [0x00000000c0000000, 0x00000000d5300000, 0x00000000eab00000)
  object space 347136K, 99% used [0x00000000c0000000,0x00000000d52e9208,0x00000000d5300000)
 Metaspace       used 60930K, committed 62208K, reserved 1114112K
  class space    used 6155K, committed 6720K, reserved 1048576K
}
Event: 13.930 GC heap after
{Heap after GC invocations=419 (full 3):
 PSYoungGen      total 8192K, used 2463K [0x00000000eab00000, 0x00000000eb680000, 0x0000000100000000)
  eden space 5632K, 0% used [0x00000000eab00000,0x00000000eab00000,0x00000000eb080000)
  from space 2560K, 96% used [0x00000000eb400000,0x00000000eb667e30,0x00000000eb680000)
  to   space 3072K, 0% used [0x00000000eb080000,0x00000000eb080000,0x00000000eb380000)
 ParOldGen       total 350720K, used 350305K [0x00000000c0000000, 0x00000000d5680000, 0x00000000eab00000)
  object space 350720K, 99% used [0x00000000c0000000,0x00000000d56185f8,0x00000000d5680000)
 Metaspace       used 60930K, committed 62208K, reserved 1114112K
  class space    used 6155K, committed 6720K, reserved 1048576K
}
Event: 13.957 GC heap before
{Heap before GC invocations=420 (full 3):
 PSYoungGen      total 8192K, used 8095K [0x00000000eab00000, 0x00000000eb680000, 0x0000000100000000)
  eden space 5632K, 100% used [0x00000000eab00000,0x00000000eb080000,0x00000000eb080000)
  from space 2560K, 96% used [0x00000000eb400000,0x00000000eb667e30,0x00000000eb680000)
  to   space 3072K, 0% used [0x00000000eb080000,0x00000000eb080000,0x00000000eb380000)
 ParOldGen       total 350720K, used 350305K [0x00000000c0000000, 0x00000000d5680000, 0x00000000eab00000)
  object space 350720K, 99% used [0x00000000c0000000,0x00000000d56185f8,0x00000000d5680000)
 Metaspace       used 61262K, committed 62656K, reserved 1114112K
  class space    used 6222K, committed 6784K, reserved 1048576K
}
Event: 13.960 GC heap after
{Heap after GC invocations=420 (full 3):
 PSYoungGen      total 8192K, used 2487K [0x00000000eab00000, 0x00000000eb580000, 0x0000000100000000)
  eden space 5632K, 0% used [0x00000000eab00000,0x00000000eab00000,0x00000000eb080000)
  from space 2560K, 97% used [0x00000000eb080000,0x00000000eb2edda8,0x00000000eb300000)
  to   space 2560K, 0% used [0x00000000eb300000,0x00000000eb300000,0x00000000eb580000)
 ParOldGen       total 352768K, used 352610K [0x00000000c0000000, 0x00000000d5880000, 0x00000000eab00000)
  object space 352768K, 99% used [0x00000000c0000000,0x00000000d5858970,0x00000000d5880000)
 Metaspace       used 61262K, committed 62656K, reserved 1114112K
  class space    used 6222K, committed 6784K, reserved 1048576K
}
Event: 13.986 GC heap before
{Heap before GC invocations=421 (full 3):
 PSYoungGen      total 8192K, used 8119K [0x00000000eab00000, 0x00000000eb580000, 0x0000000100000000)
  eden space 5632K, 100% used [0x00000000eab00000,0x00000000eb080000,0x00000000eb080000)
  from space 2560K, 97% used [0x00000000eb080000,0x00000000eb2edda8,0x00000000eb300000)
  to   space 2560K, 0% used [0x00000000eb300000,0x00000000eb300000,0x00000000eb580000)
 ParOldGen       total 352768K, used 352610K [0x00000000c0000000, 0x00000000d5880000, 0x00000000eab00000)
  object space 352768K, 99% used [0x00000000c0000000,0x00000000d5858970,0x00000000d5880000)
 Metaspace       used 61464K, committed 62848K, reserved 1114112K
  class space    used 6247K, committed 6848K, reserved 1048576K
}
Event: 13.991 GC heap after
{Heap after GC invocations=421 (full 3):
 PSYoungGen      total 8192K, used 2542K [0x00000000eab00000, 0x00000000eb580000, 0x0000000100000000)
  eden space 5632K, 0% used [0x00000000eab00000,0x00000000eab00000,0x00000000eb080000)
  from space 2560K, 99% used [0x00000000eb300000,0x00000000eb57bb78,0x00000000eb580000)
  to   space 2560K, 0% used [0x00000000eb080000,0x00000000eb080000,0x00000000eb300000)
 ParOldGen       total 356864K, used 356267K [0x00000000c0000000, 0x00000000d5c80000, 0x00000000eab00000)
  object space 356864K, 99% used [0x00000000c0000000,0x00000000d5beac00,0x00000000d5c80000)
 Metaspace       used 61464K, committed 62848K, reserved 1114112K
  class space    used 6247K, committed 6848K, reserved 1048576K
}
Event: 14.047 GC heap before
{Heap before GC invocations=422 (full 3):
 PSYoungGen      total 8192K, used 8174K [0x00000000eab00000, 0x00000000eb580000, 0x0000000100000000)
  eden space 5632K, 100% used [0x00000000eab00000,0x00000000eb080000,0x00000000eb080000)
  from space 2560K, 99% used [0x00000000eb300000,0x00000000eb57bb78,0x00000000eb580000)
  to   space 2560K, 0% used [0x00000000eb080000,0x00000000eb080000,0x00000000eb300000)
 ParOldGen       total 356864K, used 356267K [0x00000000c0000000, 0x00000000d5c80000, 0x00000000eab00000)
  object space 356864K, 99% used [0x00000000c0000000,0x00000000d5beac00,0x00000000d5c80000)
 Metaspace       used 61630K, committed 62976K, reserved 1114112K
  class space    used 6273K, committed 6848K, reserved 1048576K
}
Event: 14.051 GC heap after
{Heap after GC invocations=422 (full 3):
 PSYoungGen      total 8192K, used 8174K [0x00000000eab00000, 0x00000000eb580000, 0x0000000100000000)
  eden space 5632K, 100% used [0x00000000eab00000,0x00000000eb080000,0x00000000eb080000)
  from space 2560K, 99% used [0x00000000eb300000,0x00000000eb57bb78,0x00000000eb580000)
  to   space 2560K, 99% used [0x00000000eb080000,0x00000000eb2ffcc8,0x00000000eb300000)
 ParOldGen       total 358400K, used 358089K [0x00000000c0000000, 0x00000000d5e00000, 0x00000000eab00000)
  object space 358400K, 99% used [0x00000000c0000000,0x00000000d5db27b0,0x00000000d5e00000)
 Metaspace       used 61630K, committed 62976K, reserved 1114112K
  class space    used 6273K, committed 6848K, reserved 1048576K
}
Event: 14.051 GC heap before
{Heap before GC invocations=423 (full 4):
 PSYoungGen      total 8192K, used 8174K [0x00000000eab00000, 0x00000000eb580000, 0x0000000100000000)
  eden space 5632K, 100% used [0x00000000eab00000,0x00000000eb080000,0x00000000eb080000)
  from space 2560K, 99% used [0x00000000eb300000,0x00000000eb57bb78,0x00000000eb580000)
  to   space 2560K, 99% used [0x00000000eb080000,0x00000000eb2ffcc8,0x00000000eb300000)
 ParOldGen       total 358400K, used 358089K [0x00000000c0000000, 0x00000000d5e00000, 0x00000000eab00000)
  object space 358400K, 99% used [0x00000000c0000000,0x00000000d5db27b0,0x00000000d5e00000)
 Metaspace       used 61630K, committed 62976K, reserved 1114112K
  class space    used 6273K, committed 6848K, reserved 1048576K
}
Event: 14.675 GC heap after
{Heap after GC invocations=423 (full 4):
 PSYoungGen      total 8192K, used 0K [0x00000000eab00000, 0x00000000eb600000, 0x0000000100000000)
  eden space 5632K, 0% used [0x00000000eab00000,0x00000000eab00000,0x00000000eb080000)
  from space 2560K, 0% used [0x00000000eb080000,0x00000000eb080000,0x00000000eb300000)
  to   space 2560K, 0% used [0x00000000eb380000,0x00000000eb380000,0x00000000eb600000)
 ParOldGen       total 358400K, used 317703K [0x00000000c0000000, 0x00000000d5e00000, 0x00000000eab00000)
  object space 358400K, 88% used [0x00000000c0000000,0x00000000d3641f40,0x00000000d5e00000)
 Metaspace       used 61630K, committed 62976K, reserved 1114112K
  class space    used 6273K, committed 6848K, reserved 1048576K
}

Dll operation events (10 events):
Event: 0.010 Loaded shared library c:\Users\nshre\.vscode\extensions\redhat.java-1.40.0-win32-x64\jre\21.0.6-win32-x86_64\bin\java.dll
Event: 0.091 Loaded shared library c:\Users\nshre\.vscode\extensions\redhat.java-1.40.0-win32-x64\jre\21.0.6-win32-x86_64\bin\zip.dll
Event: 0.110 Loaded shared library C:\Users\nshre\.vscode\extensions\redhat.java-1.40.0-win32-x64\jre\21.0.6-win32-x86_64\bin\instrument.dll
Event: 0.114 Loaded shared library C:\Users\nshre\.vscode\extensions\redhat.java-1.40.0-win32-x64\jre\21.0.6-win32-x86_64\bin\net.dll
Event: 0.115 Loaded shared library C:\Users\nshre\.vscode\extensions\redhat.java-1.40.0-win32-x64\jre\21.0.6-win32-x86_64\bin\nio.dll
Event: 0.118 Loaded shared library C:\Users\nshre\.vscode\extensions\redhat.java-1.40.0-win32-x64\jre\21.0.6-win32-x86_64\bin\zip.dll
Event: 0.135 Loaded shared library C:\Users\nshre\.vscode\extensions\redhat.java-1.40.0-win32-x64\jre\21.0.6-win32-x86_64\bin\jimage.dll
Event: 0.190 Loaded shared library c:\Users\nshre\.vscode\extensions\redhat.java-1.40.0-win32-x64\jre\21.0.6-win32-x86_64\bin\verify.dll
Event: 1.063 Loaded shared library C:\Users\nshre\AppData\Roaming\Code\User\globalStorage\redhat.java\1.40.0\config_win\org.eclipse.equinox.launcher\org.eclipse.equinox.launcher.win32.win32.x86_64_1.2.1200.v20250212-0927\eclipse_11909.dll
Event: 2.297 Loaded shared library C:\Users\nshre\AppData\Local\Temp\jna-105116854\jna17433523686270249131.dll

Deoptimization events (20 events):
Event: 13.974 Thread 0x0000020468cdd6d0 Uncommon trap: trap_request=0xffffff45 fr.pc=0x00000204564013ac relative=0x00000000000000ec
Event: 13.974 Thread 0x0000020468cdd6d0 Uncommon trap: reason=unstable_if action=reinterpret pc=0x00000204564013ac method=java.lang.StrictMath.floorOrCeil(DDDD)D @ 115 c2
Event: 13.974 Thread 0x0000020468cdd6d0 DEOPT PACKING pc=0x00000204564013ac sp=0x0000005f973febe0
Event: 13.974 Thread 0x0000020468cdd6d0 DEOPT UNPACKING pc=0x0000020455db6da2 sp=0x0000005f973feb48 mode 2
Event: 14.023 Thread 0x0000020468cdd6d0 DEOPT PACKING pc=0x000002044ee33db9 sp=0x0000005f973fddf0
Event: 14.023 Thread 0x0000020468cdd6d0 DEOPT UNPACKING pc=0x0000020455db78e2 sp=0x0000005f973fd2f0 mode 0
Event: 14.032 Thread 0x0000020468cdd6d0 DEOPT PACKING pc=0x000002044ee33db9 sp=0x0000005f973fdd90
Event: 14.032 Thread 0x0000020468cdd6d0 DEOPT UNPACKING pc=0x0000020455db78e2 sp=0x0000005f973fd290 mode 0
Event: 14.041 Thread 0x0000020468cdd6d0 DEOPT PACKING pc=0x000002044ee33db9 sp=0x0000005f973fdd90
Event: 14.041 Thread 0x0000020468cdd6d0 DEOPT UNPACKING pc=0x0000020455db78e2 sp=0x0000005f973fd290 mode 0
Event: 14.680 Thread 0x0000020468cdd6d0 Uncommon trap: trap_request=0xffffff45 fr.pc=0x0000020456ad3184 relative=0x00000000000002a4
Event: 14.680 Thread 0x0000020468cdd6d0 Uncommon trap: reason=unstable_if action=reinterpret pc=0x0000020456ad3184 method=sun.nio.fs.WindowsPath.compareTo(Ljava/nio/file/Path;)I @ 76 c2
Event: 14.680 Thread 0x0000020468cdd6d0 DEOPT PACKING pc=0x0000020456ad3184 sp=0x0000005f973fdf60
Event: 14.680 Thread 0x0000020468cdd6d0 DEOPT UNPACKING pc=0x0000020455db6da2 sp=0x0000005f973fdec8 mode 2
Event: 14.688 Thread 0x0000020468cdd6d0 DEOPT PACKING pc=0x000002044f0835fb sp=0x0000005f973fe1f0
Event: 14.688 Thread 0x0000020468cdd6d0 DEOPT UNPACKING pc=0x0000020455db78e2 sp=0x0000005f973fd660 mode 0
Event: 14.703 Thread 0x0000020468cdd6d0 Uncommon trap: trap_request=0xffffff45 fr.pc=0x0000020456309dc8 relative=0x00000000000000a8
Event: 14.703 Thread 0x0000020468cdd6d0 Uncommon trap: reason=unstable_if action=reinterpret pc=0x0000020456309dc8 method=java.lang.String.isLatin1()Z @ 10 c2
Event: 14.703 Thread 0x0000020468cdd6d0 DEOPT PACKING pc=0x0000020456309dc8 sp=0x0000005f973fd8b0
Event: 14.704 Thread 0x0000020468cdd6d0 DEOPT UNPACKING pc=0x0000020455db6da2 sp=0x0000005f973fd7e8 mode 2

Classes loaded (20 events):
Event: 13.438 Loading class sun/nio/fs/WindowsFileSystem$2
Event: 13.439 Loading class java/nio/file/PathMatcher
Event: 13.439 Loading class java/nio/file/PathMatcher done
Event: 13.439 Loading class sun/nio/fs/WindowsFileSystem$2 done
Event: 13.797 Loading class java/nio/file/FileChannelLinesSpliterator
Event: 13.798 Loading class java/nio/file/FileChannelLinesSpliterator done
Event: 13.799 Loading class java/util/stream/Streams$1
Event: 13.800 Loading class java/util/stream/Streams$1 done
Event: 13.801 Loading class java/nio/file/FileChannelLinesSpliterator$1
Event: 13.801 Loading class java/nio/file/FileChannelLinesSpliterator$1 done
Event: 13.890 Loading class java/util/concurrent/CopyOnWriteArraySet
Event: 13.890 Loading class java/util/concurrent/CopyOnWriteArraySet done
Event: 13.973 Loading class java/net/HttpURLConnection
Event: 13.973 Loading class java/net/HttpURLConnection done
Event: 13.979 Loading class java/io/FileFilter
Event: 13.979 Loading class java/io/FileFilter done
Event: 14.001 Loading class java/util/concurrent/ConcurrentHashMap$ValueSpliterator
Event: 14.002 Loading class java/util/concurrent/ConcurrentHashMap$ValueSpliterator done
Event: 14.003 Loading class jdk/internal/loader/BootLoader$PackageHelper
Event: 14.003 Loading class jdk/internal/loader/BootLoader$PackageHelper done

Classes unloaded (7 events):
Event: 3.002 Thread 0x000002044b6ddc30 Unloading class 0x0000020401193c00 'java/lang/invoke/LambdaForm$MH+0x0000020401193c00'
Event: 3.002 Thread 0x000002044b6ddc30 Unloading class 0x0000020401193800 'java/lang/invoke/LambdaForm$MH+0x0000020401193800'
Event: 3.002 Thread 0x000002044b6ddc30 Unloading class 0x0000020401193400 'java/lang/invoke/LambdaForm$MH+0x0000020401193400'
Event: 3.002 Thread 0x000002044b6ddc30 Unloading class 0x0000020401193000 'java/lang/invoke/LambdaForm$MH+0x0000020401193000'
Event: 3.002 Thread 0x000002044b6ddc30 Unloading class 0x0000020401192c00 'java/lang/invoke/LambdaForm$BMH+0x0000020401192c00'
Event: 3.002 Thread 0x000002044b6ddc30 Unloading class 0x0000020401192800 'java/lang/invoke/LambdaForm$DMH+0x0000020401192800'
Event: 3.002 Thread 0x000002044b6ddc30 Unloading class 0x0000020401191400 'java/lang/invoke/LambdaForm$DMH+0x0000020401191400'

Classes redefined (0 events):
No events

Internal exceptions (20 events):
Event: 13.782 Thread 0x0000020466ee6810 Exception <a 'sun/nio/fs/WindowsException'{0x00000000eb044f80}> (0x00000000eb044f80) 
thrown [s\src\hotspot\share\prims\jni.cpp, line 520]
Event: 13.782 Thread 0x0000020466ee6810 Exception <a 'sun/nio/fs/WindowsException'{0x00000000eb045648}> (0x00000000eb045648) 
thrown [s\src\hotspot\share\prims\jni.cpp, line 520]
Event: 13.783 Thread 0x0000020466ee6810 Exception <a 'sun/nio/fs/WindowsException'{0x00000000eb04a5a8}> (0x00000000eb04a5a8) 
thrown [s\src\hotspot\share\prims\jni.cpp, line 520]
Event: 13.783 Thread 0x0000020466ee6810 Exception <a 'sun/nio/fs/WindowsException'{0x00000000eb04ac98}> (0x00000000eb04ac98) 
thrown [s\src\hotspot\share\prims\jni.cpp, line 520]
Event: 13.783 Thread 0x0000020466ee6810 Exception <a 'sun/nio/fs/WindowsException'{0x00000000eb04b388}> (0x00000000eb04b388) 
thrown [s\src\hotspot\share\prims\jni.cpp, line 520]
Event: 13.783 Thread 0x0000020466ee6810 Exception <a 'sun/nio/fs/WindowsException'{0x00000000eb04ba98}> (0x00000000eb04ba98) 
thrown [s\src\hotspot\share\prims\jni.cpp, line 520]
Event: 13.783 Thread 0x0000020466ee6810 Exception <a 'sun/nio/fs/WindowsException'{0x00000000eb061188}> (0x00000000eb061188) 
thrown [s\src\hotspot\share\prims\jni.cpp, line 520]
Event: 13.783 Thread 0x0000020466ee6810 Exception <a 'sun/nio/fs/WindowsException'{0x00000000eb061818}> (0x00000000eb061818) 
thrown [s\src\hotspot\share\prims\jni.cpp, line 520]
Event: 13.783 Thread 0x0000020466ee6810 Exception <a 'sun/nio/fs/WindowsException'{0x00000000eb061ea8}> (0x00000000eb061ea8) 
thrown [s\src\hotspot\share\prims\jni.cpp, line 520]
Event: 13.783 Thread 0x0000020466ee6810 Exception <a 'sun/nio/fs/WindowsException'{0x00000000eb062558}> (0x00000000eb062558) 
thrown [s\src\hotspot\share\prims\jni.cpp, line 520]
Event: 13.784 Thread 0x0000020466ee6810 Exception <a 'sun/nio/fs/WindowsException'{0x00000000eb067438}> (0x00000000eb067438) 
thrown [s\src\hotspot\share\prims\jni.cpp, line 520]
Event: 13.784 Thread 0x0000020466ee6810 Exception <a 'sun/nio/fs/WindowsException'{0x00000000eb067b18}> (0x00000000eb067b18) 
thrown [s\src\hotspot\share\prims\jni.cpp, line 520]
Event: 13.784 Thread 0x0000020466ee6810 Exception <a 'sun/nio/fs/WindowsException'{0x00000000eb077d58}> (0x00000000eb077d58) 
thrown [s\src\hotspot\share\prims\jni.cpp, line 520]
Event: 13.784 Thread 0x0000020466ee6810 Exception <a 'sun/nio/fs/WindowsException'{0x00000000eb078450}> (0x00000000eb078450) 
thrown [s\src\hotspot\share\prims\jni.cpp, line 520]
Event: 13.784 Thread 0x0000020466ee6810 Exception <a 'sun/nio/fs/WindowsException'{0x00000000eb07cf00}> (0x00000000eb07cf00) 
thrown [s\src\hotspot\share\prims\jni.cpp, line 520]
Event: 13.784 Thread 0x0000020466ee6810 Exception <a 'sun/nio/fs/WindowsException'{0x00000000eb07d560}> (0x00000000eb07d560) 
thrown [s\src\hotspot\share\prims\jni.cpp, line 520]
Event: 13.784 Thread 0x0000020466ee6810 Exception <a 'sun/nio/fs/WindowsException'{0x00000000eb07dbc0}> (0x00000000eb07dbc0) 
thrown [s\src\hotspot\share\prims\jni.cpp, line 520]
Event: 13.784 Thread 0x0000020466ee6810 Exception <a 'sun/nio/fs/WindowsException'{0x00000000eb07e240}> (0x00000000eb07e240) 
thrown [s\src\hotspot\share\prims\jni.cpp, line 520]
Event: 13.892 Thread 0x0000020466ee6810 Exception <a 'java/lang/NoSuchMethodError'{0x00000000eab8e518}: 'java.lang.Object java.lang.invoke.DirectMethodHandle$Holder.invokeVirtual(java.lang.Object, java.lang.Object, java.lang.Object, java.lang.Object)'> (0x00000000eab8e518) 
thrown [s\src\hotspot\share\interpreter\linkResolver.cpp, line 773]
Event: 13.894 Thread 0x0000020466ee6810 Exception <a 'java/lang/NoSuchMethodError'{0x00000000eabbe310}: 'java.lang.Object java.lang.invoke.DirectMethodHandle$Holder.invokeVirtual(java.lang.Object, java.lang.Object, java.lang.Object, java.lang.Object, java.lang.Object)'> (0x00000000eabbe310) 
thrown [s\src\hotspot\share\interpreter\linkResolver.cpp, line 773]

ZGC Phase Switch (0 events):
No events

VM Operations (20 events):
Event: 13.682 Executing VM operation: ParallelGCFailedAllocation (Allocation Failure)
Event: 13.686 Executing VM operation: ParallelGCFailedAllocation (Allocation Failure) done
Event: 13.736 Executing VM operation: ParallelGCFailedAllocation (Allocation Failure)
Event: 13.740 Executing VM operation: ParallelGCFailedAllocation (Allocation Failure) done
Event: 13.784 Executing VM operation: ParallelGCFailedAllocation (Allocation Failure)
Event: 13.789 Executing VM operation: ParallelGCFailedAllocation (Allocation Failure) done
Event: 13.847 Executing VM operation: ParallelGCFailedAllocation (Allocation Failure)
Event: 13.851 Executing VM operation: ParallelGCFailedAllocation (Allocation Failure) done
Event: 13.878 Executing VM operation: ParallelGCFailedAllocation (Allocation Failure)
Event: 13.883 Executing VM operation: ParallelGCFailedAllocation (Allocation Failure) done
Event: 13.925 Executing VM operation: ParallelGCFailedAllocation (Allocation Failure)
Event: 13.930 Executing VM operation: ParallelGCFailedAllocation (Allocation Failure) done
Event: 13.957 Executing VM operation: ParallelGCFailedAllocation (Allocation Failure)
Event: 13.961 Executing VM operation: ParallelGCFailedAllocation (Allocation Failure) done
Event: 13.985 Executing VM operation: ParallelGCFailedAllocation (Allocation Failure)
Event: 13.991 Executing VM operation: ParallelGCFailedAllocation (Allocation Failure) done
Event: 13.999 Executing VM operation: HandshakeAllThreads (Deoptimize)
Event: 13.999 Executing VM operation: HandshakeAllThreads (Deoptimize) done
Event: 14.047 Executing VM operation: ParallelGCFailedAllocation (Allocation Failure)
Event: 14.675 Executing VM operation: ParallelGCFailedAllocation (Allocation Failure) done

Memory protections (0 events):
No events

Nmethod flushes (20 events):
Event: 14.132 Thread 0x000002044b6ddc30 flushing  nmethod 0x000002044fee2e90
Event: 14.132 Thread 0x000002044b6ddc30 flushing  nmethod 0x000002044fee3a10
Event: 14.132 Thread 0x000002044b6ddc30 flushing  nmethod 0x000002044fef0090
Event: 14.132 Thread 0x000002044b6ddc30 flushing  nmethod 0x000002044fef1e90
Event: 14.132 Thread 0x000002044b6ddc30 flushing  nmethod 0x000002044fef4990
Event: 14.132 Thread 0x000002044b6ddc30 flushing  nmethod 0x000002044feff710
Event: 14.132 Thread 0x000002044b6ddc30 flushing  nmethod 0x000002044feffe10
Event: 14.132 Thread 0x000002044b6ddc30 flushing  nmethod 0x000002044ff0d310
Event: 14.132 Thread 0x000002044b6ddc30 flushing  nmethod 0x000002044ff12d90
Event: 14.132 Thread 0x000002044b6ddc30 flushing  nmethod 0x000002044ff2eb10
Event: 14.132 Thread 0x000002044b6ddc30 flushing  nmethod 0x000002044ff34d90
Event: 14.132 Thread 0x000002044b6ddc30 flushing  nmethod 0x000002044ff40e10
Event: 14.132 Thread 0x000002044b6ddc30 flushing  nmethod 0x000002044ff57110
Event: 14.132 Thread 0x000002044b6ddc30 flushing  nmethod 0x000002044ff89c90
Event: 14.132 Thread 0x000002044b6ddc30 flushing  nmethod 0x000002044ffae490
Event: 14.132 Thread 0x000002044b6ddc30 flushing  nmethod 0x000002044ffb2f90
Event: 14.132 Thread 0x000002044b6ddc30 flushing  nmethod 0x000002044ffc3c10
Event: 14.132 Thread 0x000002044b6ddc30 flushing  nmethod 0x0000020450010a10
Event: 14.132 Thread 0x000002044b6ddc30 flushing  nmethod 0x0000020450013890
Event: 14.132 Thread 0x000002044b6ddc30 flushing  nmethod 0x0000020450014410

Events (20 events):
Event: 7.578 Thread 0x00000204691c2150 Thread added: 0x00000204691be640
Event: 7.578 Thread 0x00000204691bf9f0 Thread added: 0x00000204691c0710
Event: 7.579 Thread 0x00000204691bb1c0 Thread added: 0x00000204691bcc00
Event: 7.579 Thread 0x00000204691bd290 Thread added: 0x00000204691c0080
Event: 7.579 Thread 0x00000204691c0710 Thread added: 0x00000204691c1ac0
Event: 7.580 Thread 0x0000020466ee4740 Thread added: 0x00000204691bb850
Event: 7.972 Thread 0x000002046689c160 Thread exited: 0x000002046689c160
Event: 9.447 Thread 0x0000020466ee4740 Thread added: 0x00000204691c0da0
Event: 9.546 Thread 0x0000020466ee4740 Thread added: 0x000002046689c160
Event: 9.573 Thread 0x0000020466ee4740 Thread added: 0x0000020468cd9530
Event: 9.579 Thread 0x0000020466ee4740 Thread added: 0x0000020468cdb600
Event: 9.586 Thread 0x0000020466ee4740 Thread added: 0x0000020468cde3f0
Event: 9.586 Thread 0x0000020466ee4740 Thread added: 0x0000020468cdd040
Event: 9.604 Thread 0x0000020466ee4740 Thread added: 0x0000020468cdf7a0
Event: 9.610 Thread 0x0000020466ee4740 Thread added: 0x0000020468cdfe30
Event: 9.632 Thread 0x0000020466ee4740 Thread added: 0x0000020468cdea80
Event: 9.638 Thread 0x0000020466ee4740 Thread added: 0x0000020468cdbc90
Event: 9.638 Thread 0x0000020466ee4740 Thread added: 0x0000020468ce0b50
Event: 13.846 Thread 0x0000020466ee6810 Thread added: 0x0000020468cdaf70
Event: 13.941 Thread 0x0000020466ee6810 Thread added: 0x0000020468cdd6d0


Dynamic libraries:
0x00007ff680fd0000 - 0x00007ff680fde000 	c:\Users\nshre\.vscode\extensions\redhat.java-1.40.0-win32-x64\jre\21.0.6-win32-x86_64\bin\java.exe
0x00007ffff0cf0000 - 0x00007ffff0f07000 	C:\Windows\SYSTEM32\ntdll.dll
0x00007fffef4d0000 - 0x00007fffef594000 	C:\Windows\System32\KERNEL32.DLL
0x00007fffedfa0000 - 0x00007fffee370000 	C:\Windows\System32\KERNELBASE.dll
0x00007fffee680000 - 0x00007fffee791000 	C:\Windows\System32\ucrtbase.dll
0x00007fffe9040000 - 0x00007fffe9058000 	c:\Users\nshre\.vscode\extensions\redhat.java-1.40.0-win32-x64\jre\21.0.6-win32-x86_64\bin\jli.dll
0x00007fffe7820000 - 0x00007fffe783e000 	c:\Users\nshre\.vscode\extensions\redhat.java-1.40.0-win32-x64\jre\21.0.6-win32-x86_64\bin\VCRUNTIME140.dll
0x00007fffef020000 - 0x00007fffef1ce000 	C:\Windows\System32\USER32.dll
0x00007fffee8f0000 - 0x00007fffee916000 	C:\Windows\System32\win32u.dll
0x00007fffd55c0000 - 0x00007fffd5852000 	C:\Windows\WinSxS\amd64_microsoft.windows.common-controls_6595b64144ccf1df_6.0.22621.4830_none_270fe7d773858e80\COMCTL32.dll
0x00007fffef410000 - 0x00007fffef4b7000 	C:\Windows\System32\msvcrt.dll
0x00007fffeea60000 - 0x00007fffeea89000 	C:\Windows\System32\GDI32.dll
0x00007fffee3f0000 - 0x00007fffee50b000 	C:\Windows\System32\gdi32full.dll
0x00007fffee850000 - 0x00007fffee8ea000 	C:\Windows\System32\msvcp_win.dll
0x00007ffff0230000 - 0x00007ffff0261000 	C:\Windows\System32\IMM32.DLL
0x00007fffe98d0000 - 0x00007fffe98dc000 	c:\Users\nshre\.vscode\extensions\redhat.java-1.40.0-win32-x64\jre\21.0.6-win32-x86_64\bin\vcruntime140_1.dll
0x00007fffb3780000 - 0x00007fffb380d000 	c:\Users\nshre\.vscode\extensions\redhat.java-1.40.0-win32-x64\jre\21.0.6-win32-x86_64\bin\msvcp140.dll
0x00007fff99790000 - 0x00007fff9a520000 	c:\Users\nshre\.vscode\extensions\redhat.java-1.40.0-win32-x64\jre\21.0.6-win32-x86_64\bin\server\jvm.dll
0x00007ffff0050000 - 0x00007ffff0101000 	C:\Windows\System32\ADVAPI32.dll
0x00007fffef7b0000 - 0x00007fffef857000 	C:\Windows\System32\sechost.dll
0x00007fffee820000 - 0x00007fffee848000 	C:\Windows\System32\bcrypt.dll
0x00007fffef5e0000 - 0x00007fffef6f4000 	C:\Windows\System32\RPCRT4.dll
0x00007fffee9e0000 - 0x00007fffeea51000 	C:\Windows\System32\WS2_32.dll
0x00007fffecf50000 - 0x00007fffecf9d000 	C:\Windows\SYSTEM32\POWRPROF.dll
0x00007fffe7f90000 - 0x00007fffe7fc4000 	C:\Windows\SYSTEM32\WINMM.dll
0x00007fffe8280000 - 0x00007fffe828a000 	C:\Windows\SYSTEM32\VERSION.dll
0x00007fffece90000 - 0x00007fffecea3000 	C:\Windows\SYSTEM32\UMPDC.dll
0x00007fffed0a0000 - 0x00007fffed0b8000 	C:\Windows\SYSTEM32\kernel.appcore.dll
0x00007fffe96a0000 - 0x00007fffe96aa000 	c:\Users\nshre\.vscode\extensions\redhat.java-1.40.0-win32-x64\jre\21.0.6-win32-x86_64\bin\jimage.dll
0x00007fffeb720000 - 0x00007fffeb952000 	C:\Windows\SYSTEM32\DBGHELP.DLL
0x00007fffeec90000 - 0x00007fffef020000 	C:\Windows\System32\combase.dll
0x00007fffefe00000 - 0x00007fffefed7000 	C:\Windows\System32\OLEAUT32.dll
0x00007fffd00c0000 - 0x00007fffd00f2000 	C:\Windows\SYSTEM32\dbgcore.DLL
0x00007fffee370000 - 0x00007fffee3eb000 	C:\Windows\System32\bcryptPrimitives.dll
0x00007fffe9310000 - 0x00007fffe931f000 	c:\Users\nshre\.vscode\extensions\redhat.java-1.40.0-win32-x64\jre\21.0.6-win32-x86_64\bin\instrument.dll
0x00007fffe9530000 - 0x00007fffe954f000 	c:\Users\nshre\.vscode\extensions\redhat.java-1.40.0-win32-x64\jre\21.0.6-win32-x86_64\bin\java.dll
0x00007ffff0430000 - 0x00007ffff0ca8000 	C:\Windows\System32\SHELL32.dll
0x00007fffebea0000 - 0x00007fffec7b0000 	C:\Windows\SYSTEM32\windows.storage.dll
0x00007fffebd60000 - 0x00007fffebe9f000 	C:\Windows\SYSTEM32\wintypes.dll
0x00007ffff0110000 - 0x00007ffff021a000 	C:\Windows\System32\SHCORE.dll
0x00007fffef330000 - 0x00007fffef38e000 	C:\Windows\System32\shlwapi.dll
0x00007fffeded0000 - 0x00007fffedefb000 	C:\Windows\SYSTEM32\profapi.dll
0x00007fffe7610000 - 0x00007fffe7628000 	c:\Users\nshre\.vscode\extensions\redhat.java-1.40.0-win32-x64\jre\21.0.6-win32-x86_64\bin\zip.dll
0x00007fffe9660000 - 0x00007fffe9670000 	C:\Users\nshre\.vscode\extensions\redhat.java-1.40.0-win32-x64\jre\21.0.6-win32-x86_64\bin\net.dll
0x00007fffe93f0000 - 0x00007fffe951c000 	C:\Windows\SYSTEM32\WINHTTP.dll
0x00007fffed550000 - 0x00007fffed5ba000 	C:\Windows\system32\mswsock.dll
0x00007fffe9330000 - 0x00007fffe9346000 	C:\Users\nshre\.vscode\extensions\redhat.java-1.40.0-win32-x64\jre\21.0.6-win32-x86_64\bin\nio.dll
0x00007fffe8570000 - 0x00007fffe8580000 	c:\Users\nshre\.vscode\extensions\redhat.java-1.40.0-win32-x64\jre\21.0.6-win32-x86_64\bin\verify.dll
0x00007fffd1410000 - 0x00007fffd1455000 	C:\Users\nshre\AppData\Roaming\Code\User\globalStorage\redhat.java\1.40.0\config_win\org.eclipse.equinox.launcher\org.eclipse.equinox.launcher.win32.win32.x86_64_1.2.1200.v20250212-0927\eclipse_11909.dll
0x00007fffeeae0000 - 0x00007fffeec81000 	C:\Windows\System32\ole32.dll
0x00007fffed7b0000 - 0x00007fffed7cb000 	C:\Windows\SYSTEM32\CRYPTSP.dll
0x00007fffed000000 - 0x00007fffed035000 	C:\Windows\system32\rsaenh.dll
0x00007fffed640000 - 0x00007fffed668000 	C:\Windows\SYSTEM32\USERENV.dll
0x00007fffed7a0000 - 0x00007fffed7ac000 	C:\Windows\SYSTEM32\CRYPTBASE.dll
0x00007fffeca40000 - 0x00007fffeca6d000 	C:\Windows\SYSTEM32\IPHLPAPI.DLL
0x00007fffef4c0000 - 0x00007fffef4c9000 	C:\Windows\System32\NSI.dll
0x00007fffd13c0000 - 0x00007fffd1409000 	C:\Users\nshre\AppData\Local\Temp\jna-105116854\jna17433523686270249131.dll
0x00007fffef400000 - 0x00007fffef408000 	C:\Windows\System32\PSAPI.DLL
0x00007fffe9880000 - 0x00007fffe9899000 	C:\Windows\SYSTEM32\dhcpcsvc6.DLL
0x00007fffe9620000 - 0x00007fffe963f000 	C:\Windows\SYSTEM32\dhcpcsvc.DLL

dbghelp: loaded successfully - version: 4.0.5 - missing functions: none
symbol engine: initialized successfully - sym options: 0x614 - pdb path: .;c:\Users\nshre\.vscode\extensions\redhat.java-1.40.0-win32-x64\jre\21.0.6-win32-x86_64\bin;C:\Windows\SYSTEM32;C:\Windows\WinSxS\amd64_microsoft.windows.common-controls_6595b64144ccf1df_6.0.22621.4830_none_270fe7d773858e80;c:\Users\nshre\.vscode\extensions\redhat.java-1.40.0-win32-x64\jre\21.0.6-win32-x86_64\bin\server;C:\Users\nshre\AppData\Roaming\Code\User\globalStorage\redhat.java\1.40.0\config_win\org.eclipse.equinox.launcher\org.eclipse.equinox.launcher.win32.win32.x86_64_1.2.1200.v20250212-0927;C:\Users\nshre\AppData\Local\Temp\jna-105116854

VM Arguments:
jvm_args: --add-modules=ALL-SYSTEM --add-opens=java.base/java.util=ALL-UNNAMED --add-opens=java.base/java.lang=ALL-UNNAMED --add-opens=java.base/sun.nio.fs=ALL-UNNAMED -Declipse.application=org.eclipse.jdt.ls.core.id1 -Dosgi.bundles.defaultStartLevel=4 -Declipse.product=org.eclipse.jdt.ls.core.product -Djava.import.generatesMetadataFilesAtProjectRoot=false -DDetectVMInstallationsJob.disabled=true -Dfile.encoding=utf8 -XX:+UseParallelGC -XX:GCTimeRatio=4 -XX:AdaptiveSizePolicyWeight=90 -Dsun.zip.disableMemoryMapping=true -Xmx1G -Xms100m -Xlog:disable -javaagent:c:\Users\nshre\.vscode\extensions\redhat.java-1.40.0-win32-x64\lombok\lombok-1.18.36.jar -XX:+HeapDumpOnOutOfMemoryError -XX:HeapDumpPath=c:\Users\nshre\AppData\Roaming\Code\User\workspaceStorage\1a411e8547e58d1d53f432f6331f68f2\redhat.java -Daether.dependencyCollector.impl=bf 
java_command: c:\Users\nshre\.vscode\extensions\redhat.java-1.40.0-win32-x64\server\plugins\org.eclipse.equinox.launcher_1.6.1000.v20250131-0606.jar -configuration c:\Users\nshre\AppData\Roaming\Code\User\globalStorage\redhat.java\1.40.0\config_win -data c:\Users\nshre\AppData\Roaming\Code\User\workspaceStorage\1a411e8547e58d1d53f432f6331f68f2\redhat.java\jdt_ws --pipe=\\.\pipe\lsp-bd143a521bbc3d069af4b183fa874a35-sock
java_class_path (initial): c:\Users\nshre\.vscode\extensions\redhat.java-1.40.0-win32-x64\server\plugins\org.eclipse.equinox.launcher_1.6.1000.v20250131-0606.jar
Launcher Type: SUN_STANDARD

[Global flags]
    uintx AdaptiveSizePolicyWeight                 = 90                                        {product} {command line}
     intx CICompilerCount                          = 4                                         {product} {ergonomic}
    uintx GCTimeRatio                              = 4                                         {product} {command line}
     bool HeapDumpOnOutOfMemoryError               = true                                   {manageable} {command line}
    ccstr HeapDumpPath                             = c:\Users\nshre\AppData\Roaming\Code\User\workspaceStorage\1a411e8547e58d1d53f432f6331f68f2\redhat.java         {manageable} {command line}
   size_t InitialHeapSize                          = 104857600                                 {product} {command line}
   size_t MaxHeapSize                              = 1073741824                                {product} {command line}
   size_t MaxNewSize                               = 357564416                                 {product} {ergonomic}
   size_t MinHeapDeltaBytes                        = 524288                                    {product} {ergonomic}
   size_t MinHeapSize                              = 104857600                                 {product} {command line}
   size_t NewSize                                  = 34603008                                  {product} {ergonomic}
    uintx NonNMethodCodeHeapSize                   = 5839372                                {pd product} {ergonomic}
    uintx NonProfiledCodeHeapSize                  = 122909434                              {pd product} {ergonomic}
   size_t OldSize                                  = 70254592                                  {product} {ergonomic}
    uintx ProfiledCodeHeapSize                     = 122909434                              {pd product} {ergonomic}
    uintx ReservedCodeCacheSize                    = 251658240                              {pd product} {ergonomic}
     bool SegmentedCodeCache                       = true                                      {product} {ergonomic}
   size_t SoftMaxHeapSize                          = 1073741824                             {manageable} {ergonomic}
     bool UseCompressedOops                        = true                           {product lp64_product} {ergonomic}
     bool UseLargePagesIndividualAllocation        = false                                  {pd product} {ergonomic}
     bool UseParallelGC                            = true                                      {product} {command line}

Logging:
Log output configuration:
 #0: stdout all=off uptime,level,tags foldmultilines=false
 #1: stderr all=off uptime,level,tags foldmultilines=false

Environment Variables:
JAVA_HOME=C:\Users\nshre\AppData\Local\Programs\Eclipse Adoptium\jdk-17.0.11.9-hotspot\
PATH=C:\Python313\Scripts\;C:\Python313\;C:\Python312\Scripts\;C:\Python312\;C:\Windows\system32;C:\Windows;C:\Windows\System32\Wbem;C:\Windows\System32\WindowsPowerShell\v1.0\;C:\Windows\System32\OpenSSH\;C:\Program Files (x86)\NVIDIA Corporation\PhysX\Common;C:\Program Files\NVIDIA Corporation\NVIDIA NvDLISR;C:\MinGW\bin;C:\MinGW\bin\gcc.exe;C:\MinGW\bin;C:\MinGW\bin;C:\Program Files\Cloudflare\Cloudflare WARP\;C:\ProgramData\chocolatey\bin;C:\Program Files\MongoDB\Server\7.0\bin;C:\Program Files\apache-maven-3.9.8\bin;C:\Program Files\Git\cmd;C:\Users\nshre\AppData\Local\Android\Sdk\platform-tools;C:\Users\nshre\AppData\Local\Android\Sdk\emulator;C:\Users\nshre\AppData\Local\Android\Sdk\tools;C:\Users\nshre\AppData\Local\Android\Sdk\tools\bin;C:\Program Files\nodejs\;C:\Users\nshre\AppData\Local\Android\Sdk;C:\Program Files\MySQL\MySQL Server 8.0\bin;C:\Program Files\MySQL\MySQL Connector C++ 9.2\include;C:\Program Files\MySQL\MySQL Connector C++ 9.2\lib64;C:\Program Files\MySQL\MySQL Shell 8.0\bin\;C:\Users\nshre\AppData\Local\Programs\Eclipse Adoptium\jdk-17.0.11.9-hotspot\bin;C:\Users\nshre\AppData\Local\Programs\Python\Python311\Scripts\;C:\Users\nshre\AppData\Local\Programs\Python\Python311\;C:\Users\nshre\AppData\Local\Microsoft\WindowsApps;C:\Users\GHOSTPROTOCOL\anaconda3\Library\mingw-w64\bin;C:\Users\nshre\Downloads\mingw-w64-v11.0.0.zip;C:\Users\nshre\AppData\Local\Programs\Microsoft VS Code\bin;C:\msys64\ucrt64\bin;C:\Users\nshre\AppData\Local\GitHubDesktop\bin;C:\Users\nshre\AppData\Local\Microsoft\WinGet\Packages\Schniz.fnm_Microsoft.Winget.Source_8wekyb3d8bbwe;C:\Users\nshre\AppData\Local\Programs\mongosh\;C:\Users\nshre\AppData\Local\Programs\MiKTeX\miktex\bin\x64\;C:\Flutter\src\flutter\bin;C:\Users\nshre\AppData\Local\Android\Sdk;C:\Users\nshre\AppData\Local\Android\Sdk\platform-tools;C:\Users\nshre\AppData\Local\Android\Sdk\emulator;C:\Users\nshre\AppData\Local\Android\Sdk\cmdline-tools\latest\bin;C:\Users\nshre\AppData\Roaming\npm;C:\Users\nshre\AppData\Local\Android\Sdk\tools;C:\Users\nshre\AppData\Local\Android\Sdk\tools\bin;C:\Program Files\MySQL\MySQL Server 8.0\bin;
USERNAME=nshre
OS=Windows_NT
PROCESSOR_IDENTIFIER=Intel64 Family 6 Model 141 Stepping 1, GenuineIntel
TMP=C:\Users\nshre\AppData\Local\Temp
TEMP=C:\Users\nshre\AppData\Local\Temp




Periodic native trim disabled

---------------  S Y S T E M  ---------------

OS:
 Windows 11 , 64 bit Build 22621 (10.0.22621.4830)
OS uptime: 11 days 13:32 hours
Hyper-V role detected

CPU: total 12 (initial active 12) (6 cores per cpu, 2 threads per core) family 6 model 141 stepping 1 microcode 0x34, cx8, cmov, fxsr, ht, mmx, 3dnowpref, sse, sse2, sse3, ssse3, sse4.1, sse4.2, popcnt, lzcnt, tsc, tscinvbit, avx, avx2, aes, erms, clmul, bmi1, bmi2, adx, avx512f, avx512dq, avx512cd, avx512bw, avx512vl, sha, fma, vzeroupper, avx512_vpopcntdq, avx512_vpclmulqdq, avx512_vaes, avx512_vnni, clflush, clflushopt, clwb, avx512_vbmi2, avx512_vbmi, hv, rdtscp, rdpid, fsrm, gfni, avx512_bitalg, f16c, cet_ibt, cet_ss, avx512_ifma
Processor Information for the first 12 processors :
  Max Mhz: 2688, Current Mhz: 2688, Mhz Limit: 2688

Memory: 4k page, system-wide physical 7893M (458M free)
TotalPageFile size 32469M (AvailPageFile size 0M)
current process WorkingSet (physical memory assigned to process): 680M, peak: 680M
current process commit charge ("private bytes"): 671M, peak: 1003M

vm_info: OpenJDK 64-Bit Server VM (21.0.6+7-LTS) for windows-amd64 JRE (21.0.6+7-LTS), built on 2025-01-21T00:00:00Z by "admin" with MS VC++ 17.7 (VS2022)

END.
